           1           2
           2           2
           3           2
           4           2
           5           2
           6           2
           7           2
           8           2
           9           2
          10           2
          11           2
          12           2
          13           2
          14           2
          15           2
          16           2
          17           2
          18           2
          19           2
          20           2
          21           2
          22           2
          23           1
          24           1
          25           1
          26           1
          27           1
          28           1
          29           1
          30           1
          31           1
          32           1
          33           1
          34           1
          35           1
          36           1
          37           1
          38           1
          39           1
          40           1
          41           1
          42           1
          43           1
          44           1
          45           4
          46           4
          47           4
          48           4
          49           4
          50           4
          51           4
          52           4
          53           4
          54           4
          55           4
          56           4
          57           4
          58           4
          59           4
          60           4
          61           4
          62           4
          63           4
          64           4
          65           4
          66           4
          67           9
          68          28
          69          20
          70          27
          71          28
          72           9
          73          18
          74          16
          75          19
          76          16
          77          14
          78           9
          79          28
          80          28
          81          15
          82           9
          83          28
          84          20
          85          19
          86          28
          87          20
          88          14
          89           2
          90           2
          91           2
          92           2
          93           2
          94           2
          95           2
          96           2
          97           2
          98           2
          99           2
         100           2
         101           2
         102           2
         103           2
         104           2
         105           2
         106           2
         107           2
         108           2
         109           2
         110           2
         111           1
         112           1
         113           1
         114           1
         115           1
         116           1
         117           1
         118           1
         119           1
         120           1
         121           1
         122           1
         123           1
         124           1
         125           1
         126           1
         127           1
         128           1
         129           1
         130           1
         131           1
         132           1
         133           4
         134           4
         135           4
         136           4
         137           4
         138           4
         139           4
         140           4
         141           4
         142           4
         143           4
         144           4
         145           4
         146           4
         147           4
         148           4
         149           4
         150           4
         151           4
         152           4
         153           4
         154           4
         155           9
         156          28
         157          20
         158          27
         159          28
         160           9
         161          18
         162          16
         163          19
         164          16
         165          14
         166           9
         167          28
         168          28
         169          15
         170           9
         171          28
         172          20
         173          19
         174          28
         175          20
         176          14
         177           2
         178           2
         179           2
         180           2
         181           2
         182           2
         183           2
         184           2
         185           2
         186           2
         187           2
         188           2
         189           2
         190           2
         191           2
         192           2
         193           2
         194           2
         195           2
         196           2
         197           2
         198           2
         199           1
         200           1
         201           1
         202           1
         203           1
         204           1
         205           1
         206           1
         207           1
         208           1
         209           1
         210           1
         211           1
         212           1
         213           1
         214           1
         215           1
         216           1
         217           1
         218           1
         219           1
         220           1
         221           4
         222           4
         223           4
         224           4
         225           4
         226           4
         227           4
         228           4
         229           4
         230           4
         231           4
         232           4
         233           4
         234           4
         235           4
         236           4
         237           4
         238           4
         239           4
         240           4
         241           4
         242           4
         243           9
         244          28
         245          20
         246          27
         247          28
         248           9
         249          18
         250          16
         251          19
         252          16
         253          14
         254           9
         255          28
         256          28
         257          15
         258           9
         259          28
         260          20
         261          19
         262          28
         263          20
         264          14
         265           2
         266           2
         267           2
         268           2
         269           2
         270           2
         271           2
         272           2
         273           2
         274           2
         275           2
         276           2
         277           2
         278           2
         279           2
         280           2
         281           2
         282           2
         283           2
         284           2
         285           2
         286           2
         287           1
         288           1
         289           1
         290           1
         291           1
         292           1
         293           1
         294           1
         295           1
         296           1
         297           1
         298           1
         299           1
         300           1
         301           1
         302           1
         303           1
         304           1
         305           1
         306           1
         307           1
         308           1
         309           4
         310           4
         311           4
         312           4
         313           4
         314           4
         315           4
         316           4
         317           4
         318           4
         319           4
         320           4
         321           4
         322           4
         323           4
         324           4
         325           4
         326           4
         327           4
         328           4
         329           4
         330           4
         331           9
         332          28
         333          20
         334          27
         335          28
         336           9
         337          18
         338          16
         339          19
         340          16
         341          14
         342           9
         343          28
         344          28
         345          15
         346           9
         347          28
         348          20
         349          19
         350          28
         351          20
         352          14
           1           2
           2           2
           3           2
           4           2
           5           2
           6           2
           7           2
           8           2
           9           2
          10           2
          11           2
          12           2
          13           2
          14           2
          15           2
          16           2
          17           2
          18           2
          19           2
          20           2
          21           2
          22           2
          23           1
          24           1
          25           1
          26           1
          27           1
          28           1
          29           1
          30           1
          31           1
          32           1
          33           1
          34           1
          35           1
          36           1
          37           1
          38           1
          39           1
          40           1
          41           1
          42           1
          43           1
          44           1
          45           4
          46           4
          47           4
          48           4
          49           4
          50           4
          51           4
          52           4
          53           4
          54           4
          55           4
          56           4
          57           4
          58           4
          59           4
          60           4
          61           4
          62           4
          63           4
          64           4
          65           4
          66           4
          67           9
          68          28
          69          20
          70          27
          71          28
          72           9
          73          18
          74          16
          75          19
          76          16
          77          14
          78           9
          79          28
          80          28
          81          15
          82           9
          83          28
          84          20
          85          19
          86          28
          87          20
          88          14
          89           2
          90           2
          91           2
          92           2
          93           2
          94           2
          95           2
          96           2
          97           2
          98           2
          99           2
         100           2
         101           2
         102           2
         103           2
         104           2
         105           2
         106           2
         107           2
         108           2
         109           2
         110           2
         111           1
         112           1
         113           1
         114           1
         115           1
         116           1
         117           1
         118           1
         119           1
         120           1
         121           1
         122           1
         123           1
         124           1
         125           1
         126           1
         127           1
         128           1
         129           1
         130           1
         131           1
         132           1
         133           4
         134           4
         135           4
         136           4
         137           4
         138           4
         139           4
         140           4
         141           4
         142           4
         143           4
         144           4
         145           4
         146           4
         147           4
         148           4
         149           4
         150           4
         151           4
         152           4
         153           4
         154           4
         155           9
         156          28
         157          20
         158          27
         159          28
         160           9
         161          18
         162          16
         163          19
         164          16
         165          14
         166           9
         167          28
         168          28
         169          15
         170           9
         171          28
         172          20
         173          19
         174          28
         175          20
         176          14
         177           2
         178           2
         179           2
         180           2
         181           2
         182           2
         183           2
         184           2
         185           2
         186           2
         187           2
         188           2
         189           2
         190           2
         191           2
         192           2
         193           2
         194           2
         195           2
         196           2
         197           2
         198           2
         199           1
         200           1
         201           1
         202           1
         203           1
         204           1
         205           1
         206           1
         207           1
         208           1
         209           1
         210           1
         211           1
         212           1
         213           1
         214           1
         215           1
         216           1
         217           1
         218           1
         219           1
         220           1
         221           4
         222           4
         223           4
         224           4
         225           4
         226           4
         227           4
         228           4
         229           4
         230           4
         231           4
         232           4
         233           4
         234           4
         235           4
         236           4
         237           4
         238           4
         239           4
         240           4
         241           4
         242           4
         243           9
         244          28
         245          20
         246          27
         247          28
         248           9
         249          18
         250          16
         251          19
         252          16
         253          14
         254           9
         255          28
         256          28
         257          15
         258           9
         259          28
         260          20
         261          19
         262          28
         263          20
         264          14
         265           2
         266           2
         267           2
         268           2
         269           2
         270           2
         271           2
         272           2
         273           2
         274           2
         275           2
         276           2
         277           2
         278           2
         279           2
         280           2
         281           2
         282           2
         283           2
         284           2
         285           2
         286           2
         287           1
         288           1
         289           1
         290           1
         291           1
         292           1
         293           1
         294           1
         295           1
         296           1
         297           1
         298           1
         299           1
         300           1
         301           1
         302           1
         303           1
         304           1
         305           1
         306           1
         307           1
         308           1
         309           4
         310           4
         311           4
         312           4
         313           4
         314           4
         315           4
         316           4
         317           4
         318           4
         319           4
         320           4
         321           4
         322           4
         323           4
         324           4
         325           4
         326           4
         327           4
         328           4
         329           4
         330           4
         331           9
         332          28
         333          20
         334          27
         335          28
         336           9
         337          18
         338          16
         339          19
         340          16
         341          14
         342           9
         343          28
         344          28
         345          15
         346           9
         347          28
         348          20
         349          19
         350          28
         351          20
         352          14
