           1           2  0.866000000000000     
           2           2  0.866000000000000     
           3           2  0.866000000000000     
           4           2  0.866000000000000     
           5           2  0.866000000000000     
           6           2  0.866000000000000     
           7           2  0.866000000000000     
           8           2  0.866000000000000     
           9           2  0.866000000000000     
          10           2  0.866000000000000     
          11           2  0.866000000000000     
          12           2  0.866000000000000     
          13           2  0.866000000000000     
          14           2  0.866000000000000     
          15           2  0.866000000000000     
          16           2  0.866000000000000     
          17           2  0.866000000000000     
          18           2  0.866000000000000     
          19           2  0.866000000000000     
          20           2  0.866000000000000     
          21           2  0.866000000000000     
          22           2  0.866000000000000     
          23           1  0.999000000000000     
          24           1  0.999000000000000     
          25           1  0.999000000000000     
          26           1  0.999000000000000     
          27           1  0.999000000000000     
          28           1  0.999000000000000     
          29           1  0.999000000000000     
          30           1  0.999000000000000     
          31           1  0.999000000000000     
          32           1  0.999000000000000     
          33           1  0.999000000000000     
          34           1  0.999000000000000     
          35           1  0.999000000000000     
          36           1  0.999000000000000     
          37           1  0.999000000000000     
          38           1  0.999000000000000     
          39           1  0.999000000000000     
          40           1  0.999000000000000     
          41           1  0.999000000000000     
          42           1  0.999000000000000     
          43           1  0.999000000000000     
          44           1  0.999000000000000     
          45           4   1.86300000000000     
          46           4   1.86300000000000     
          47           4   1.86300000000000     
          48           4   1.86300000000000     
          49           4   1.86300000000000     
          50           4   1.86300000000000     
          51           4   1.86300000000000     
          52           4   1.86300000000000     
          53           4   1.86300000000000     
          54           4   1.86300000000000     
          55           4   1.86300000000000     
          56           4   1.86300000000000     
          57           4   1.86300000000000     
          58           4   1.86300000000000     
          59           4   1.86300000000000     
          60           4   1.86300000000000     
          61           4   1.86300000000000     
          62           4   1.86300000000000     
          63           4   1.86300000000000     
          64           4   1.86300000000000     
          65           4   1.86300000000000     
          66           4   1.86300000000000     
          67           9  6.700000000000000E-002
          68          28   2.86600000000000     
          69          20   1.00000000000000     
          70          27   7.12600000000000     
          71          28   2.86600000000000     
          72           9  6.700000000000000E-002
          73          18   2.06400000000000     
          74          16   4.86500000000000     
          75          19   2.99700000000000     
          76          16   4.86500000000000     
          77          14   4.79300000000000     
          78           9  6.700000000000000E-002
          79          28   2.86600000000000     
          80          28   2.86600000000000     
          81          15   5.39400000000000     
          82           9  6.700000000000000E-002
          83          28   2.86600000000000     
          84          20   1.00000000000000     
          85          19   2.99700000000000     
          86          28   2.86600000000000     
          87          20   1.00000000000000     
          88          14   4.79300000000000     
          89           2  0.866000000000000     
          90           2  0.866000000000000     
          91           2  0.866000000000000     
          92           2  0.866000000000000     
          93           2  0.866000000000000     
          94           2  0.866000000000000     
          95           2  0.866000000000000     
          96           2  0.866000000000000     
          97           2  0.866000000000000     
          98           2  0.866000000000000     
          99           2  0.866000000000000     
         100           2  0.866000000000000     
         101           2  0.866000000000000     
         102           2  0.866000000000000     
         103           2  0.866000000000000     
         104           2  0.866000000000000     
         105           2  0.866000000000000     
         106           2  0.866000000000000     
         107           2  0.866000000000000     
         108           2  0.866000000000000     
         109           2  0.866000000000000     
         110           2  0.866000000000000     
         111           1  0.999000000000000     
         112           1  0.999000000000000     
         113           1  0.999000000000000     
         114           1  0.999000000000000     
         115           1  0.999000000000000     
         116           1  0.999000000000000     
         117           1  0.999000000000000     
         118           1  0.999000000000000     
         119           1  0.999000000000000     
         120           1  0.999000000000000     
         121           1  0.999000000000000     
         122           1  0.999000000000000     
         123           1  0.999000000000000     
         124           1  0.999000000000000     
         125           1  0.999000000000000     
         126           1  0.999000000000000     
         127           1  0.999000000000000     
         128           1  0.999000000000000     
         129           1  0.999000000000000     
         130           1  0.999000000000000     
         131           1  0.999000000000000     
         132           1  0.999000000000000     
         133           4   1.86300000000000     
         134           4   1.86300000000000     
         135           4   1.86300000000000     
         136           4   1.86300000000000     
         137           4   1.86300000000000     
         138           4   1.86300000000000     
         139           4   1.86300000000000     
         140           4   1.86300000000000     
         141           4   1.86300000000000     
         142           4   1.86300000000000     
         143           4   1.86300000000000     
         144           4   1.86300000000000     
         145           4   1.86300000000000     
         146           4   1.86300000000000     
         147           4   1.86300000000000     
         148           4   1.86300000000000     
         149           4   1.86300000000000     
         150           4   1.86300000000000     
         151           4   1.86300000000000     
         152           4   1.86300000000000     
         153           4   1.86300000000000     
         154           4   1.86300000000000     
         155           9  6.700000000000000E-002
         156          28   2.86600000000000     
         157          20   1.00000000000000     
         158          27   7.12600000000000     
         159          28   2.86600000000000     
         160           9  6.700000000000000E-002
         161          18   2.06400000000000     
         162          16   4.86500000000000     
         163          19   2.99700000000000     
         164          16   4.86500000000000     
         165          14   4.79300000000000     
         166           9  6.700000000000000E-002
         167          28   2.86600000000000     
         168          28   2.86600000000000     
         169          15   5.39400000000000     
         170           9  6.700000000000000E-002
         171          28   2.86600000000000     
         172          20   1.00000000000000     
         173          19   2.99700000000000     
         174          28   2.86600000000000     
         175          20   1.00000000000000     
         176          14   4.79300000000000     
         177           2  0.866000000000000     
         178           2  0.866000000000000     
         179           2  0.866000000000000     
         180           2  0.866000000000000     
         181           2  0.866000000000000     
         182           2  0.866000000000000     
         183           2  0.866000000000000     
         184           2  0.866000000000000     
         185           2  0.866000000000000     
         186           2  0.866000000000000     
         187           2  0.866000000000000     
         188           2  0.866000000000000     
         189           2  0.866000000000000     
         190           2  0.866000000000000     
         191           2  0.866000000000000     
         192           2  0.866000000000000     
         193           2  0.866000000000000     
         194           2  0.866000000000000     
         195           2  0.866000000000000     
         196           2  0.866000000000000     
         197           2  0.866000000000000     
         198           2  0.866000000000000     
         199           1  0.999000000000000     
         200           1  0.999000000000000     
         201           1  0.999000000000000     
         202           1  0.999000000000000     
         203           1  0.999000000000000     
         204           1  0.999000000000000     
         205           1  0.999000000000000     
         206           1  0.999000000000000     
         207           1  0.999000000000000     
         208           1  0.999000000000000     
         209           1  0.999000000000000     
         210           1  0.999000000000000     
         211           1  0.999000000000000     
         212           1  0.999000000000000     
         213           1  0.999000000000000     
         214           1  0.999000000000000     
         215           1  0.999000000000000     
         216           1  0.999000000000000     
         217           1  0.999000000000000     
         218           1  0.999000000000000     
         219           1  0.999000000000000     
         220           1  0.999000000000000     
         221           4   1.86300000000000     
         222           4   1.86300000000000     
         223           4   1.86300000000000     
         224           4   1.86300000000000     
         225           4   1.86300000000000     
         226           4   1.86300000000000     
         227           4   1.86300000000000     
         228           4   1.86300000000000     
         229           4   1.86300000000000     
         230           4   1.86300000000000     
         231           4   1.86300000000000     
         232           4   1.86300000000000     
         233           4   1.86300000000000     
         234           4   1.86300000000000     
         235           4   1.86300000000000     
         236           4   1.86300000000000     
         237           4   1.86300000000000     
         238           4   1.86300000000000     
         239           4   1.86300000000000     
         240           4   1.86300000000000     
         241           4   1.86300000000000     
         242           4   1.86300000000000     
         243           9  6.700000000000000E-002
         244          28   2.86600000000000     
         245          20   1.00000000000000     
         246          27   7.12600000000000     
         247          28   2.86600000000000     
         248           9  6.700000000000000E-002
         249          18   2.06400000000000     
         250          16   4.86500000000000     
         251          19   2.99700000000000     
         252          16   4.86500000000000     
         253          14   4.79300000000000     
         254           9  6.700000000000000E-002
         255          28   2.86600000000000     
         256          28   2.86600000000000     
         257          15   5.39400000000000     
         258           9  6.700000000000000E-002
         259          28   2.86600000000000     
         260          20   1.00000000000000     
         261          19   2.99700000000000     
         262          28   2.86600000000000     
         263          20   1.00000000000000     
         264          14   4.79300000000000     
         265           2  0.866000000000000     
         266           2  0.866000000000000     
         267           2  0.866000000000000     
         268           2  0.866000000000000     
         269           2  0.866000000000000     
         270           2  0.866000000000000     
         271           2  0.866000000000000     
         272           2  0.866000000000000     
         273           2  0.866000000000000     
         274           2  0.866000000000000     
         275           2  0.866000000000000     
         276           2  0.866000000000000     
         277           2  0.866000000000000     
         278           2  0.866000000000000     
         279           2  0.866000000000000     
         280           2  0.866000000000000     
         281           2  0.866000000000000     
         282           2  0.866000000000000     
         283           2  0.866000000000000     
         284           2  0.866000000000000     
         285           2  0.866000000000000     
         286           2  0.866000000000000     
         287           1  0.999000000000000     
         288           1  0.999000000000000     
         289           1  0.999000000000000     
         290           1  0.999000000000000     
         291           1  0.999000000000000     
         292           1  0.999000000000000     
         293           1  0.999000000000000     
         294           1  0.999000000000000     
         295           1  0.999000000000000     
         296           1  0.999000000000000     
         297           1  0.999000000000000     
         298           1  0.999000000000000     
         299           1  0.999000000000000     
         300           1  0.999000000000000     
         301           1  0.999000000000000     
         302           1  0.999000000000000     
         303           1  0.999000000000000     
         304           1  0.999000000000000     
         305           1  0.999000000000000     
         306           1  0.999000000000000     
         307           1  0.999000000000000     
         308           1  0.999000000000000     
         309           4   1.86300000000000     
         310           4   1.86300000000000     
         311           4   1.86300000000000     
         312           4   1.86300000000000     
         313           4   1.86300000000000     
         314           4   1.86300000000000     
         315           4   1.86300000000000     
         316           4   1.86300000000000     
         317           4   1.86300000000000     
         318           4   1.86300000000000     
         319           4   1.86300000000000     
         320           4   1.86300000000000     
         321           4   1.86300000000000     
         322           4   1.86300000000000     
         323           4   1.86300000000000     
         324           4   1.86300000000000     
         325           4   1.86300000000000     
         326           4   1.86300000000000     
         327           4   1.86300000000000     
         328           4   1.86300000000000     
         329           4   1.86300000000000     
         330           4   1.86300000000000     
         331           9  6.700000000000000E-002
         332          28   2.86600000000000     
         333          20   1.00000000000000     
         334          27   7.12600000000000     
         335          28   2.86600000000000     
         336           9  6.700000000000000E-002
         337          18   2.06400000000000     
         338          16   4.86500000000000     
         339          19   2.99700000000000     
         340          16   4.86500000000000     
         341          14   4.79300000000000     
         342           9  6.700000000000000E-002
         343          28   2.86600000000000     
         344          28   2.86600000000000     
         345          15   5.39400000000000     
         346           9  6.700000000000000E-002
         347          28   2.86600000000000     
         348          20   1.00000000000000     
         349          19   2.99700000000000     
         350          28   2.86600000000000     
         351          20   1.00000000000000     
         352          14   4.79300000000000     
         353           2  0.866000000000000     
         354           2  0.866000000000000     
         355           2  0.866000000000000     
         356           2  0.866000000000000     
         357           2  0.866000000000000     
         358           2  0.866000000000000     
         359           2  0.866000000000000     
         360           2  0.866000000000000     
         361           2  0.866000000000000     
         362           2  0.866000000000000     
         363           2  0.866000000000000     
         364           2  0.866000000000000     
         365           2  0.866000000000000     
         366           2  0.866000000000000     
         367           2  0.866000000000000     
         368           2  0.866000000000000     
         369           2  0.866000000000000     
         370           2  0.866000000000000     
         371           2  0.866000000000000     
         372           2  0.866000000000000     
         373           2  0.866000000000000     
         374           2  0.866000000000000     
         375           1  0.999000000000000     
         376           1  0.999000000000000     
         377           1  0.999000000000000     
         378           1  0.999000000000000     
         379           1  0.999000000000000     
         380           1  0.999000000000000     
         381           1  0.999000000000000     
         382           1  0.999000000000000     
         383           1  0.999000000000000     
         384           1  0.999000000000000     
         385           1  0.999000000000000     
         386           1  0.999000000000000     
         387           1  0.999000000000000     
         388           1  0.999000000000000     
         389           1  0.999000000000000     
         390           1  0.999000000000000     
         391           1  0.999000000000000     
         392           1  0.999000000000000     
         393           1  0.999000000000000     
         394           1  0.999000000000000     
         395           1  0.999000000000000     
         396           1  0.999000000000000     
         397           4   1.86300000000000     
         398           4   1.86300000000000     
         399           4   1.86300000000000     
         400           4   1.86300000000000     
         401           4   1.86300000000000     
         402           4   1.86300000000000     
         403           4   1.86300000000000     
         404           4   1.86300000000000     
         405           4   1.86300000000000     
         406           4   1.86300000000000     
         407           4   1.86300000000000     
         408           4   1.86300000000000     
         409           4   1.86300000000000     
         410           4   1.86300000000000     
         411           4   1.86300000000000     
         412           4   1.86300000000000     
         413           4   1.86300000000000     
         414           4   1.86300000000000     
         415           4   1.86300000000000     
         416           4   1.86300000000000     
         417           4   1.86300000000000     
         418           4   1.86300000000000     
         419           9  6.700000000000000E-002
         420          28   2.86600000000000     
         421          20   1.00000000000000     
         422          27   7.12600000000000     
         423          28   2.86600000000000     
         424           9  6.700000000000000E-002
         425          18   2.06400000000000     
         426          16   4.86500000000000     
         427          19   2.99700000000000     
         428          16   4.86500000000000     
         429          14   4.79300000000000     
         430           9  6.700000000000000E-002
         431          28   2.86600000000000     
         432          28   2.86600000000000     
         433          15   5.39400000000000     
         434           9  6.700000000000000E-002
         435          28   2.86600000000000     
         436          20   1.00000000000000     
         437          19   2.99700000000000     
         438          28   2.86600000000000     
         439          20   1.00000000000000     
         440          14   4.79300000000000     
         441           2  0.866000000000000     
         442           2  0.866000000000000     
         443           2  0.866000000000000     
         444           2  0.866000000000000     
         445           2  0.866000000000000     
         446           2  0.866000000000000     
         447           2  0.866000000000000     
         448           2  0.866000000000000     
         449           2  0.866000000000000     
         450           2  0.866000000000000     
         451           2  0.866000000000000     
         452           2  0.866000000000000     
         453           2  0.866000000000000     
         454           2  0.866000000000000     
         455           2  0.866000000000000     
         456           2  0.866000000000000     
         457           2  0.866000000000000     
         458           2  0.866000000000000     
         459           2  0.866000000000000     
         460           2  0.866000000000000     
         461           2  0.866000000000000     
         462           2  0.866000000000000     
         463           1  0.999000000000000     
         464           1  0.999000000000000     
         465           1  0.999000000000000     
         466           1  0.999000000000000     
         467           1  0.999000000000000     
         468           1  0.999000000000000     
         469           1  0.999000000000000     
         470           1  0.999000000000000     
         471           1  0.999000000000000     
         472           1  0.999000000000000     
         473           1  0.999000000000000     
         474           1  0.999000000000000     
         475           1  0.999000000000000     
         476           1  0.999000000000000     
         477           1  0.999000000000000     
         478           1  0.999000000000000     
         479           1  0.999000000000000     
         480           1  0.999000000000000     
         481           1  0.999000000000000     
         482           1  0.999000000000000     
         483           1  0.999000000000000     
         484           1  0.999000000000000     
         485           4   1.86300000000000     
         486           4   1.86300000000000     
         487           4   1.86300000000000     
         488           4   1.86300000000000     
         489           4   1.86300000000000     
         490           4   1.86300000000000     
         491           4   1.86300000000000     
         492           4   1.86300000000000     
         493           4   1.86300000000000     
         494           4   1.86300000000000     
         495           4   1.86300000000000     
         496           4   1.86300000000000     
         497           4   1.86300000000000     
         498           4   1.86300000000000     
         499           4   1.86300000000000     
         500           4   1.86300000000000     
         501           4   1.86300000000000     
         502           4   1.86300000000000     
         503           4   1.86300000000000     
         504           4   1.86300000000000     
         505           4   1.86300000000000     
         506           4   1.86300000000000     
         507           9  6.700000000000000E-002
         508          28   2.86600000000000     
         509          20   1.00000000000000     
         510          27   7.12600000000000     
         511          28   2.86600000000000     
         512           9  6.700000000000000E-002
         513          18   2.06400000000000     
         514          16   4.86500000000000     
         515          19   2.99700000000000     
         516          16   4.86500000000000     
         517          14   4.79300000000000     
         518           9  6.700000000000000E-002
         519          28   2.86600000000000     
         520          28   2.86600000000000     
         521          15   5.39400000000000     
         522           9  6.700000000000000E-002
         523          28   2.86600000000000     
         524          20   1.00000000000000     
         525          19   2.99700000000000     
         526          28   2.86600000000000     
         527          20   1.00000000000000     
         528          14   4.79300000000000     
         529           2  0.866000000000000     
         530           2  0.866000000000000     
         531           2  0.866000000000000     
         532           2  0.866000000000000     
         533           2  0.866000000000000     
         534           2  0.866000000000000     
         535           2  0.866000000000000     
         536           2  0.866000000000000     
         537           2  0.866000000000000     
         538           2  0.866000000000000     
         539           2  0.866000000000000     
         540           2  0.866000000000000     
         541           2  0.866000000000000     
         542           2  0.866000000000000     
         543           2  0.866000000000000     
         544           2  0.866000000000000     
         545           2  0.866000000000000     
         546           2  0.866000000000000     
         547           2  0.866000000000000     
         548           2  0.866000000000000     
         549           2  0.866000000000000     
         550           2  0.866000000000000     
         551           1  0.999000000000000     
         552           1  0.999000000000000     
         553           1  0.999000000000000     
         554           1  0.999000000000000     
         555           1  0.999000000000000     
         556           1  0.999000000000000     
         557           1  0.999000000000000     
         558           1  0.999000000000000     
         559           1  0.999000000000000     
         560           1  0.999000000000000     
         561           1  0.999000000000000     
         562           1  0.999000000000000     
         563           1  0.999000000000000     
         564           1  0.999000000000000     
         565           1  0.999000000000000     
         566           1  0.999000000000000     
         567           1  0.999000000000000     
         568           1  0.999000000000000     
         569           1  0.999000000000000     
         570           1  0.999000000000000     
         571           1  0.999000000000000     
         572           1  0.999000000000000     
         573           4   1.86300000000000     
         574           4   1.86300000000000     
         575           4   1.86300000000000     
         576           4   1.86300000000000     
         577           4   1.86300000000000     
         578           4   1.86300000000000     
         579           4   1.86300000000000     
         580           4   1.86300000000000     
         581           4   1.86300000000000     
         582           4   1.86300000000000     
         583           4   1.86300000000000     
         584           4   1.86300000000000     
         585           4   1.86300000000000     
         586           4   1.86300000000000     
         587           4   1.86300000000000     
         588           4   1.86300000000000     
         589           4   1.86300000000000     
         590           4   1.86300000000000     
         591           4   1.86300000000000     
         592           4   1.86300000000000     
         593           4   1.86300000000000     
         594           4   1.86300000000000     
         595           9  6.700000000000000E-002
         596          28   2.86600000000000     
         597          20   1.00000000000000     
         598          27   7.12600000000000     
         599          28   2.86600000000000     
         600           9  6.700000000000000E-002
         601          18   2.06400000000000     
         602          16   4.86500000000000     
         603          19   2.99700000000000     
         604          16   4.86500000000000     
         605          14   4.79300000000000     
         606           9  6.700000000000000E-002
         607          28   2.86600000000000     
         608          28   2.86600000000000     
         609          15   5.39400000000000     
         610           9  6.700000000000000E-002
         611          28   2.86600000000000     
         612          20   1.00000000000000     
         613          19   2.99700000000000     
         614          28   2.86600000000000     
         615          20   1.00000000000000     
         616          14   4.79300000000000     
         617           2  0.866000000000000     
         618           2  0.866000000000000     
         619           2  0.866000000000000     
         620           2  0.866000000000000     
         621           2  0.866000000000000     
         622           2  0.866000000000000     
         623           2  0.866000000000000     
         624           2  0.866000000000000     
         625           2  0.866000000000000     
         626           2  0.866000000000000     
         627           2  0.866000000000000     
         628           2  0.866000000000000     
         629           2  0.866000000000000     
         630           2  0.866000000000000     
         631           2  0.866000000000000     
         632           2  0.866000000000000     
         633           2  0.866000000000000     
         634           2  0.866000000000000     
         635           2  0.866000000000000     
         636           2  0.866000000000000     
         637           2  0.866000000000000     
         638           2  0.866000000000000     
         639           1  0.999000000000000     
         640           1  0.999000000000000     
         641           1  0.999000000000000     
         642           1  0.999000000000000     
         643           1  0.999000000000000     
         644           1  0.999000000000000     
         645           1  0.999000000000000     
         646           1  0.999000000000000     
         647           1  0.999000000000000     
         648           1  0.999000000000000     
         649           1  0.999000000000000     
         650           1  0.999000000000000     
         651           1  0.999000000000000     
         652           1  0.999000000000000     
         653           1  0.999000000000000     
         654           1  0.999000000000000     
         655           1  0.999000000000000     
         656           1  0.999000000000000     
         657           1  0.999000000000000     
         658           1  0.999000000000000     
         659           1  0.999000000000000     
         660           1  0.999000000000000     
         661           4   1.86300000000000     
         662           4   1.86300000000000     
         663           4   1.86300000000000     
         664           4   1.86300000000000     
         665           4   1.86300000000000     
         666           4   1.86300000000000     
         667           4   1.86300000000000     
         668           4   1.86300000000000     
         669           4   1.86300000000000     
         670           4   1.86300000000000     
         671           4   1.86300000000000     
         672           4   1.86300000000000     
         673           4   1.86300000000000     
         674           4   1.86300000000000     
         675           4   1.86300000000000     
         676           4   1.86300000000000     
         677           4   1.86300000000000     
         678           4   1.86300000000000     
         679           4   1.86300000000000     
         680           4   1.86300000000000     
         681           4   1.86300000000000     
         682           4   1.86300000000000     
         683           9  6.700000000000000E-002
         684          28   2.86600000000000     
         685          20   1.00000000000000     
         686          27   7.12600000000000     
         687          28   2.86600000000000     
         688           9  6.700000000000000E-002
         689          18   2.06400000000000     
         690          16   4.86500000000000     
         691          19   2.99700000000000     
         692          16   4.86500000000000     
         693          14   4.79300000000000     
         694           9  6.700000000000000E-002
         695          28   2.86600000000000     
         696          28   2.86600000000000     
         697          15   5.39400000000000     
         698           9  6.700000000000000E-002
         699          28   2.86600000000000     
         700          20   1.00000000000000     
         701          19   2.99700000000000     
         702          28   2.86600000000000     
         703          20   1.00000000000000     
         704          14   4.79300000000000     
