           1   49.1892302673014     
           2   51.5748966798881     
           3   55.7519737285182     
           4   84.8227337206639     
           5   89.3707753814260     
           6   115.086684458618     
           7   132.209768261584     
           8   162.440597545820     
           9   181.780354619806     
          10   201.505613269530     
          11   226.383961425601     
          12   236.328342434166     
          13   252.672529782142     
          14   275.023414543250     
          15   303.435178810951     
          16   333.983226523852     
          17   355.851060442869     
          18   393.565806644563     
          19   400.056807360787     
          20   407.556311573513     
          21   415.133373932877     
          22   431.094689739414     
          23   478.104392134106     
          24   486.489796355907     
          25   513.415504460818     
          26   532.693412791157     
          27   534.941306150599     
          28   564.967433161109     
          29   591.974371871659     
          30   637.714334091621     
          31   677.962350632233     
          32   695.110525672236     
          33   711.319407895059     
          34   717.431848995368     
          35   748.724936885836     
          36   792.223553859027     
          37   797.744226571608     
          38   849.911269137130     
          39   858.557405736332     
          40   887.196919062912     
          41   934.500142490485     
          42   951.385839342627     
          43   966.116929950775     
          44   1024.39533453610     
          45   1040.14618376785     
          46   1050.20815700319     
          47   1071.97068582360     
          48   1074.40810643162     
          49   1103.02751578524     
          50   1111.04471100026     
          51   1116.40472129748     
          52   1143.68669982996     
          53   1161.95305807662     
          54   1184.75689461759     
          55   1201.88932522748     
          56   1214.32638663880     
          57   1225.71030982931     
          58   1235.70065321957     
          59   1242.03757056294     
          60   1251.48144838650     
          61   1259.94523366672     
          62   1266.97011425536     
          63   1281.48897676630     
          64   1285.91738134958     
          65   1298.89652426848     
          66   1305.78180735186     
          68   1311.43022207239     
          69   1357.39486785845     
          70   1361.75754196461     
          71   1375.71901254763     
          73   1387.65246328424     
          74   1391.50310767539     
          75   1399.13792428340     
          76   1399.95579743427     
          77   1402.57876108798     
          79   1413.64913496439     
          80   1420.83218177819     
          81   1421.34988503349     
          83   1428.10318472988     
          84   1444.92026080170     
          85   1447.49510433743     
          86   1463.22600255926     
          87   1472.33942270790     
          88   1475.90730339673     
          89   1525.92121795383     
          90   1530.90778309733     
          91   1557.36046172177     
          92   1561.67976320006     
          93   1574.00931297041     
          94   1606.89991238553     
          95   1629.94596362969     
          96   1672.46673010081     
          97   1676.38469490323     
          98   1686.87145975988     
          99   1730.84546521368     
         100   1790.94552641463     
         101   1809.27426803371     
         102   1831.96160014832     
         103   1840.76043810803     
         104   1867.75253917205     
         105   1891.15782241931     
         106   1908.85401219167     
         107   1949.66906482305     
         108   1962.73995940893     
         109   1972.49958727701     
         110   1997.51700534980     
         111   2021.46968913920     
         112   2041.72878335911     
         113   2053.46748946764     
         114   2063.72845453259     
         115   2067.51674041411     
         116   2086.12931677237     
         117   2115.28610327372     
         118   2138.95878203659     
         119   2172.67665323825     
         120   2184.86308989680     
         121   2210.09083796650     
         122   2227.25808710303     
         123   2236.18536193758     
         124   2244.56702404740     
         125   2254.36800036136     
         126   2264.93962059914     
         127   2274.19788001621     
         128   2305.67606095582     
         129   2315.51104721578     
         130   2327.99195836698     
         131   2366.86214471397     
         132   2386.93359160724     
         133   2413.33027796818     
         134   2442.11223929294     
         135   2452.82238007971     
         136   2475.31311282194     
         137   2497.67192662877     
         138   2506.23791718919     
         139   2514.61495051975     
         140   2521.23970323217     
         141   2530.73261815010     
         142   2538.15094211831     
         143   2554.66568212063     
         144   2570.19146203450     
         145   2582.24415773056     
         146   2602.15563698091     
         147   2640.53695859730     
         148   2650.02739110040     
         149   2678.21991400041     
         150   2682.89695566838     
         151   2696.28307646529     
         152   2704.60495818978     
         153   2720.70015257611     
         154   2721.06571242400     
         156   2728.79259685471     
         157   2778.84279231567     
         158   2784.49751115729     
         159   2795.27218055012     
         161   2796.40703726373     
         162   2799.89362898965     
         163   2808.89103461253     
         164   2814.82138665257     
         165   2822.02993706660     
         167   2825.61294400836     
         168   2834.95630360688     
         169   2842.01112464231     
         171   2857.90398570708     
         172   2873.09992692628     
         173   2880.75630830264     
         174   2887.40427869430     
         175   2938.20733702069     
         176   2947.32306892246     
         177   2976.96994997704     
         178   2997.21371942041     
         179   3031.42656326060     
         180   3055.86296098275     
         181   3085.65877662510     
         182   3113.94404039819     
         183   3125.52818181121     
         184   3208.74659545776     
         185   3221.30597830523     
         186   3226.67084265499     
         187   3275.51975397894     
         188   3294.81987736570     
         189   3394.33314242379     
         190   3427.91692104507     
         191   3440.33619573785     
         192   3491.29006117344     
         193   3513.64232759328     
         194   3527.50109310663     
         195   3581.94175103835     
         196   3617.39412762021     
         197   3633.02276969234     
         198   3641.44256146348     
         199   3642.63753663193     
         200   3674.08580394764     
         201   3730.61673817989     
         202   3758.12490722490     
         203   3769.18749278591     
         204   3810.97050422490     
         205   3816.24271407905     
         206   3823.62847074492     
         207   3845.17633329096     
         208   3877.69796429545     
         209   3898.43638429721     
         210   3926.81742768261     
         211   3945.61580402988     
         212   3950.44627398210     
         213   3952.01696325940     
         214   3975.53210867382     
         215   3997.46428917414     
         216   4017.39471734381     
         217   4038.04591523898     
         218   4064.93193934894     
         219   4096.69887620687     
         220   4115.29283671713     
         221   4118.92249678316     
         222   4141.86304339275     
         223   4161.76577159677     
         224   4175.91855065505     
         225   4179.80347152461     
         226   4195.27269181243     
         227   4198.07228294050     
         228   4202.65632859128     
         229   4223.86189086960     
         230   4226.52448725811     
         231   4226.99133996582     
         232   4248.87050432599     
         233   4267.71287419917     
         234   4278.90583185924     
         235   4290.43008832525     
         236   4295.25532511376     
         237   4303.15894195389     
         238   4338.05932345364     
         239   4352.50062051720     
         240   4361.54712595408     
         241   4375.62977389513     
         242   4382.48606518388     
         244   4401.84684567674     
         245   4410.60406661947     
         246   4412.47110532119     
         247   4424.02821561686     
         249   4432.00552801028     
         250   4438.44730080093     
         251   4447.77113579223     
         252   4448.60371772145     
         253   4451.49137023355     
         255   4453.45675073508     
         256   4478.39569784683     
         257   4482.68659653132     
         259   4496.06055000229     
         260   4514.83544368251     
         261   4521.38266485685     
         262   4530.80281367254     
         263   4561.64541325817     
         264   4562.89993054864     
         265   4644.73234730683     
         266   4661.66128190471     
         267   4683.05534087478     
         268   4709.26356510536     
         269   4740.43180999145     
         270   4781.60706676630     
         271   4798.04389764279     
         272   4809.72063561374     
         273   4841.22880432147     
         274   4857.66545670313     
         275   4914.67720650307     
         276   4944.55150409363     
         277   4959.78998078285     
         278   5002.58049953621     
         279   5021.67464671384     
         280   5072.30829258866     
         281   5081.98917496229     
         282   5119.86989079034     
         283   5129.27241714961     
         284   5144.32488001185     
         285   5199.34097973909     
         286   5236.05156807476     
         287   5263.16027560479     
         288   5307.92304183840     
         289   5345.86702307733     
         290   5357.03011559269     
         291   5365.13781941498     
         292   5395.71023323006     
         293   5425.64070517799     
         294   5456.07352693658     
         295   5477.88873421112     
         296   5518.97513406897     
         297   5546.20044195522     
         298   5560.70939669198     
         299   5571.45629112902     
         300   5603.27914427770     
         301   5637.54850889013     
         302   5642.02929026989     
         303   5651.63645722094     
         304   5697.35728075870     
         305   5712.69212593170     
         306   5733.61306276176     
         307   5741.89944783647     
         308   5752.88625177942     
         309   5769.97577603334     
         310   5789.05356097464     
         311   5813.18638028600     
         312   5816.33131850627     
         313   5831.98738453690     
         314   5846.38287253290     
         315   5851.94134462920     
         316   5857.85058915651     
         317   5875.76921962475     
         318   5884.83394743266     
         319   5907.51576059718     
         320   5911.30626081009     
         321   5925.83473716432     
         322   5940.42699980468     
         323   5951.81335611914     
         324   5960.74121799312     
         325   5963.35903536343     
         326   5979.79271597269     
         327   5982.56911553813     
         328   5990.76444480788     
         329   5996.03641550749     
         330   6005.02241244943     
         332   6010.49641594442     
         333   6016.08812541504     
         334   6022.23746295106     
         335   6027.74673234127     
         337   6040.58016607475     
         338   6041.74266729056     
         339   6043.80854960764     
         340   6055.48516536316     
         341   6062.75999014309     
         343   6076.54990143078     
         344   6089.24505876546     
         345   6096.93177370789     
         347   6109.76930981560     
         348   6136.55576206606     
         349   6142.47321573461     
         350   6151.91222524241     
         351   6159.25888923887     
         352   6166.97981181102     
         353   6216.37469444791     
         354   6244.72724464267     
         355   6276.06281393376     
         356   6288.61891504705     
         357   6350.27246725952     
         358   6398.18272624945     
         359   6407.55441411829     
         360   6429.02853804923     
         361   6481.43729253044     
         362   6542.24867350793     
         363   6571.45348643837     
         364   6586.54901485263     
         365   6613.77814157348     
         366   6660.45598976259     
         367   6721.23490823222     
         368   6734.43164788806     
         369   6758.11325036954     
         370   6815.24068122025     
         371   6851.13646351857     
         372   6865.59939760299     
         373   6887.67775128392     
         374   6920.97293873955     
         375   6930.69088759092     
         376   6956.20054607096     
         377   6977.03155775968     
         378   7008.70570557593     
         379   7023.66719024768     
         380   7048.94471198866     
         381   7052.52610491817     
         382   7087.51138535692     
         383   7099.27790760677     
         384   7152.11357910961     
         385   7157.13181452286     
         386   7185.46464622967     
         387   7211.96135468153     
         388   7233.75834224458     
         389   7250.91831991778     
         390   7276.22729367404     
         391   7298.94297547209     
         392   7321.51191260023     
         393   7332.53863575315     
         394   7335.58164412863     
         395   7367.56538131605     
         396   7400.71683662172     
         397   7403.99168809660     
         398   7412.49732696333     
         399   7419.44599996993     
         400   7425.02490053739     
         401   7430.26675112142     
         402   7439.77332559373     
         403   7464.15261373616     
         404   7477.83268336443     
         405   7491.95607273259     
         406   7510.03875715891     
         407   7528.38530472760     
         408   7536.56349345526     
         409   7546.39497019138     
         410   7556.09554513287     
         411   7564.67777814138     
         412   7570.21507469698     
         413   7578.62800669796     
         414   7589.92847282651     
         415   7596.03340828740     
         416   7608.03061002664     
         417   7616.96051745003     
         418   7643.17357747961     
         420   7646.16488252795     
         421   7659.51663385197     
         422   7662.99147195451     
         423   7666.69100352031     
         425   7671.38577687904     
         426   7676.98620769845     
         427   7686.47706086850     
         428   7691.78978337688     
         429   7699.58959998900     
         431   7708.98710914932     
         432   7713.28276556673     
         433   7715.19574285296     
         435   7718.24295689555     
         436   7759.88835394301     
         437   7764.26058107041     
         438   7774.21247804559     
         439   7819.32699042898     
         440   7820.44936459354     
         441   7845.93628004301     
         442   7859.86127093515     
         443   7878.99835871579     
         444   7881.63582354345     
         445   7929.82088895711     
         446   7937.57549696948     
         447   7941.98478879689     
         448   7957.47229993506     
         449   7975.29364332791     
         450   7976.84141732144     
         451   7999.66948094498     
         452   8002.30809134152     
         453   8016.53023779693     
         454   8041.57787506848     
         455   8071.19166730324     
         456   8130.82183787092     
         457   8138.57701658426     
         458   8166.18122636673     
         459   8208.89821231159     
         460   8215.65212781743     
         461   8235.88021449847     
         462   8241.27390646128     
         463   8256.91720684950     
         464   8299.77668018040     
         465   8315.95891302583     
         466   8329.29146800964     
         467   8337.42261967023     
         468   8354.55122665291     
         469   8386.95147060079     
         470   8397.27834285416     
         471   8421.62305228145     
         472   8440.97780441966     
         473   8465.53016124000     
         474   8481.70876484541     
         475   8486.00089689876     
         476   8496.75080445419     
         477   8502.41739708121     
         478   8525.97449648820     
         479   8533.85038136918     
         480   8544.60666508378     
         481   8587.10239959252     
         482   8602.50339593415     
         483   8616.58806470430     
         484   8625.19603248456     
         485   8638.31760128882     
         486   8642.92264842860     
         487   8655.19728157038     
         488   8675.68251418854     
         489   8676.49439619280     
         490   8698.03680923300     
         491   8712.30714265480     
         492   8716.43061161836     
         493   8723.86451013735     
         494   8725.71860339278     
         495   8747.46336247474     
         496   8769.68868180363     
         497   8773.90129385465     
         498   8782.63343394498     
         499   8787.28119071339     
         500   8799.48517807687     
         501   8806.75708690451     
         502   8818.44748818186     
         503   8855.06611409279     
         504   8865.70486592416     
         505   8877.13824302683     
         506   8879.43819192385     
         508   8882.61480561433     
         509   8891.79835130288     
         510   8892.97448703757     
         511   8909.19123307105     
         513   8910.29372382570     
         514   8914.69945504169     
         515   8918.40340215196     
         516   8923.12655259456     
         517   8928.71723509120     
         519   8937.97506931021     
         520   8943.69833084124     
         521   8949.01495379623     
         523   8957.33700256507     
         524   8965.84755147741     
         525   8973.83718476793     
         526   8982.78480594653     
         527   8994.01182335779     
         528   8995.67713277220     
         529   9036.88455356262     
         530   9108.66295405908     
         531   9118.84692833902     
         532   9149.03778497859     
         533   9180.26362835925     
         534   9208.91390325131     
         535   9247.94122408199     
         536   9283.50014839880     
         537   9290.81652375982     
         538   9302.58255883810     
         539   9304.55286152238     
         540   9352.44422254167     
         541   9381.24312671440     
         542   9432.04628286884     
         543   9449.63974747531     
         544   9470.75475638695     
         545   9478.13158372525     
         546   9508.07735389097     
         547   9534.01413487803     
         548   9554.53393598973     
         549   9578.60698200815     
         550   9612.69143846119     
         551   9639.05271637135     
         552   9681.24464977017     
         553   9706.41991627217     
         554   9726.14257291875     
         555   9731.22590750667     
         556   9779.02482287442     
         557   9789.17935513721     
         558   9823.59283770880     
         559   9831.00429649946     
         560   9868.65308229102     
         561   9895.18188464483     
         562   9897.94429762924     
         563   9934.30792026428     
         564   9960.29400394754     
         565   9964.35357343033     
         566   9965.96960058755     
         567   9967.86103797838     
         568   10024.1887252554     
         569   10041.3722046489     
         570   10067.6459353530     
         571   10077.8560307296     
         572   10084.9272736097     
         573   10090.2977716579     
         574   10116.0151619657     
         575   10126.1697342141     
         576   10127.9882538334     
         577   10151.0357788300     
         578   10159.2546312641     
         579   10173.8699450937     
         580   10185.6543827244     
         581   10195.3400096498     
         582   10197.9030545344     
         583   10200.2636925992     
         584   10203.5221601249     
         585   10209.5201944135     
         586   10227.0784237008     
         587   10233.3407881422     
         588   10238.8326762705     
         589   10240.8724131257     
         590   10245.7808330404     
         591   10277.0989293299     
         592   10284.1305014736     
         593   10304.8526319619     
         594   10313.6083734950     
         596   10317.3358021093     
         597   10328.3867545357     
         598   10330.0723308445     
         599   10338.5825020124     
         601   10342.1367049412     
         602   10352.7951807268     
         603   10359.8172463986     
         604   10369.0331414827     
         605   10370.5479687897     
         607   10376.1917514764     
         608   10393.5838266892     
         609   10396.0770589137     
         611   10411.2562350194     
         612   10439.8954161855     
         613   10454.9472833188     
         614   10469.7291873081     
         615   10483.1049134432     
         616   10489.8755455137     
         617   10532.1284106961     
         618   10567.1400509392     
         619   10597.6175256799     
         620   10621.9059419010     
         621   10663.0944366914     
         622   10700.5784373426     
         623   10727.0990462403     
         624   10739.6129628533     
         625   10762.0217352335     
         626   10831.6369481137     
         627   10854.9994375990     
         628   10887.6331630511     
         629   10892.7067469919     
         630   10897.8084468542     
         631   10931.1098440341     
         632   10938.0958199650     
         633   10961.4201051061     
         634   11004.9348064787     
         635   11017.4659746182     
         636   11032.4274195363     
         637   11064.0361073185     
         638   11072.5205828234     
         639   11108.2091014889     
         640   11111.4970158503     
         641   11127.6270755562     
         642   11165.1240623486     
         643   11185.0515475640     
         644   11193.1611234847     
         645   11200.0655982649     
         646   11207.2102553569     
         647   11217.6936771259     
         648   11256.7118045386     
         649   11270.6196413496     
         650   11294.1398223965     
         651   11343.5705439122     
         652   11365.3693627597     
         653   11372.9978841257     
         654   11379.8001890941     
         655   11417.5432983828     
         656   11459.2181069101     
         657   11491.7712226283     
         658   11524.5102540396     
         659   11571.9344623744     
         660   11614.3095931907     
         661   11624.8424668772     
         662   11652.3252879641     
         663   11656.0872694150     
         664   11668.2373155423     
         665   11672.4070757612     
         666   11684.3598941722     
         667   11698.9504464993     
         668   11724.4177334182     
         669   11731.9762904817     
         670   11745.4532741508     
         671   11771.9981641038     
         672   11778.7164076555     
         673   11782.9430705477     
         674   11793.2426065275     
         675   11815.3591026105     
         676   11816.9473442924     
         677   11842.5361793787     
         678   11872.8679168415     
         679   11874.1075452398     
         680   11897.3916991383     
         681   11921.0012036153     
         682   11926.9953629336     
         684   11943.5078042943     
         685   11964.2299398461     
         686   11966.9785309988     
         687   11978.8079063477     
         689   11985.9752330467     
         690   11988.0909248750     
         691   11993.3746231598     
         692   11999.0365400592     
         693   12001.6410002670     
         695   12018.8772802038     
         696   12035.5206686508     
         697   12037.5954206466     
         699   12038.7080204367     
         700   12066.9831677569     
         701   12067.8414552331     
         702   12080.6551666109     
         703   12095.1677699882     
         704   12096.0000000000     
