           1           2   3.10855611236532       -6.73165212554935     
   1.34990199693237     
           2           2 -0.550550524379653       0.975016541703583     
  -1.22517262599777     
           3           2  -1.68198229069179      -0.628636604262036     
  -1.26458143248644     
           4           2   1.30031963909590        5.34294049328738     
   1.82514729288034     
           5           2   1.19869662939280       -1.90713917330980     
  0.421576532840468     
           6           2   1.45364421196632       -2.53038560589081     
  -4.60207695658124     
           7           2  -2.71083891108535       0.476288677303520     
  -3.49243691212918     
           8           2  9.367704867336661E-002   3.68852341697428     
   4.61460707570438     
           9           2 -0.153858253057767        3.19530820832819     
  -3.47830649700705     
          10           2  -4.53767091818553       0.823035529696564     
  -1.22865376958214     
          11           2   3.17198993667541       -3.48590053627249     
   2.55242277055030     
          12           2  -2.15790730393006       -2.59146021519313     
 -0.332999952330142     
          13           2  -3.74726870361870        1.60293756918187     
  -1.50391620914201     
          14           2  -4.96144153728429       0.853994938571541     
 -0.681268132867810     
          15           2  -3.31976537546617       -4.35579932523446     
   1.67756131622830     
          16           2   2.12955192838540        3.87609475780542     
   3.96431329468168     
          17           2  -4.77660922147495       -1.31515564358123     
 -0.840184682476325     
          18           2  -4.98720818644974        4.07966428367273     
  -1.42639723849403     
          19           2  -1.55536949572881      -0.574360881218664     
  -2.17860441551156     
          20           2  -1.06601913097098        2.11208841761480     
   1.75003465939858     
          21           2  -2.01438794957451       -1.16496081284418     
   1.82608930078572     
          22           2  -2.64705134493085        1.94633332775405     
  -2.76332885530912     
          23           1   3.34140801911941       -4.45178608210488     
  -4.00915855046763     
          24           1   1.14646317158782        2.63484138792290     
 -0.370177088030492     
          25           1  0.530379620594857        2.28565537580249     
   4.63110545407889     
          26           1   3.94410911314865       -1.78102299940191     
 -0.754430855051454     
          27           1  -1.22295387537942      -0.609230576160170     
 -0.619165104565511     
          28           1  -4.84383260462629        2.56754449319941     
 -3.441173497002323E-002
          29           1  -2.68903591992925       -2.32693196625228     
  -3.79321053053968     
          30           1  0.135559230193956        6.63528523217025     
  -1.31922763417921     
          31           1  -2.40479217247827       -2.54526793250339     
  -5.29404293564142     
          32           1  -3.91596050817512        1.02039266030985     
 -0.888477629195942     
          33           1   3.30358761500542       -2.29017750239320     
 -0.257882158493003     
          34           1 -0.809697403988334       0.621477785801762     
   2.25315670464752     
          35           1   2.62429490821777       -4.92665352542520     
  0.406907333294266     
          36           1  -1.92657515148539       -2.26062584283724     
   5.89237117947419     
          37           1  -2.21661840763990      -0.434345398289858     
  0.651264785927766     
          38           1   1.97295875175154       -3.74031653834247     
   5.85975492527101     
          39           1  -1.91235634699025        1.94346137529500     
   1.10482689841231     
          40           1 -0.945120869942270        1.98764213923212     
   4.88100468916353     
          41           1 -0.608928667916573        6.84407413198126     
  0.372060687132215     
          42           1  -3.12055288599551      -0.173391337980688     
  -2.67108303525202     
          43           1  -1.62393666832262        2.90496457070956     
   1.91568446900653     
          44           1   5.55718283213429       -4.41915446369176     
  -2.81523251666966     
          45           4  0.266553974392525       -1.88670731025623     
   2.19632571021214     
          46           4  0.697539203366426      -0.920070949243591     
   2.01689373177437     
          47           4  -2.62290073192149       1.324219736405085E-002
  -2.19126896322726     
          48           4 -7.963786669908927E-002 -0.510832003970024     
   1.02031340761724     
          49           4  -1.29512060856156        2.43372680198321     
   2.78597169093686     
          50           4  0.671877317781917        1.55128116610479     
  -1.20228394634043     
          51           4  -1.33757609336297      -0.537509773337289     
 -0.893900969785862     
          52           4  0.439712988651103        3.66182042065810     
   1.02070297081253     
          53           4   1.73553242374135       -2.38526834850406     
   1.05034785559665     
          54           4   2.75751275208997      -0.777718997105491     
  -2.00789969877325     
          55           4  0.370680872956791       -1.72898505828443     
   2.46360671674320     
          56           4   2.34378221422183      -0.975232684228091     
 -0.481072594674155     
          57           4  -1.79504084484949       -1.01503246234348     
  -1.36311062619395     
          58           4  0.413009823607922       -1.31621905738528     
  -1.85997135469422     
          59           4  -1.68786450687703       0.743342837512923     
  3.662933714342359E-003
          60           4  0.613609291445024       -1.15474235324576     
  -1.83282058881586     
          61           4  -1.27581194937280      -0.672823982417803     
   1.56930123947507     
          62           4   1.17754170613801       -1.35567199032782     
  0.739110731870268     
          63           4   1.24056360934463       -1.01360204675126     
   2.28623775904451     
          64           4 -0.516329352448551        1.43572799426791     
  0.221625558316810     
          65           4  0.180882350967734       -2.58644192553515     
 -0.494365046155177     
          66           4  0.852018255069237      -0.832509697567260     
   1.50890576931925     
          68          28   5.69453458622553       -3.46680120434866     
  -1.23215706866765     
          69          20 -0.357048530700328      -0.443067502447903     
  0.537053765653551     
          70          27 -0.502094692531404        1.84704532008804     
   1.09897125896279     
          71          28 -0.796150989368560        2.16824674699100     
 -0.668251655063426     
          73          18 -0.295136918447673        1.51223193107746     
  0.416575493387539     
          74          16  9.096217166660364E-002 -0.393923975367199     
 -6.828971396609820E-002
          75          19 -0.237438352785887      -0.481998828167301     
 -0.508477128958062     
          76          16  -1.23934650310357      -0.745214017659450     
  -1.33091432269205     
          77          14  -1.50991729770325       0.145329025724315     
 -0.453129223213737     
          79          28  -1.03543328834021        1.11809970140538     
 -0.184610864260535     
          80          28  -1.90968344104981        2.36138406111319     
  -2.75573049167023     
          81          15 -0.238273675112086      -3.867739009864966E-002
  0.894913422707260     
          83          28  0.691050451601292        2.61521877878514     
   1.34033583891165     
          84          20 -0.628085370017339      -0.157966687730934     
  0.570043283475493     
          85          19  0.470473565022342        7.58120676083374     
  0.238215965624727     
          86          28   1.17332014678126       -1.64548082547277     
  -1.29378168578859     
          87          20  -2.48800389412958        4.82717443914915     
   1.02666539332266     
          88          14  0.314673315578625        2.19023718758353     
 -0.302469528080432     
          89           2  0.839438091817302       -2.03214030254654     
  -3.06644825062886     
          90           2  -2.29761620558946       -1.29370797534806     
   5.57020523788901     
          91           2 -0.267950459376085        1.83492156964408     
  -4.81386890098175     
          92           2  9.998966277075824E-003  -6.72576882642300     
   1.96573801512913     
          93           2  0.977268674620250       -1.53237971210102     
   1.10497381612740     
          94           2   2.88699605034406       -1.72115780026550     
  0.901275691901769     
          95           2   1.45903028782310       -6.61704828417190     
  -2.20549312284484     
          96           2 -0.336999690742399        7.86109943894671     
  -2.73663216317276     
          97           2 -6.660852192154414E-002   4.46773629496357     
  -1.09531929724648     
          98           2   1.52938391397104       -3.62768693730104     
  -3.27088908663655     
          99           2   3.10600665505531      -0.684267626109770     
 -0.211710756121281     
         100           2   3.61868608564214       -4.16113158388939     
  0.871092923431856     
         101           2  -2.08423228486569       -4.65294109412755     
  -1.01636653040188     
         102           2  -4.50375823302420       0.264835822983822     
 -0.283589563572524     
         103           2   5.44587922341431       -4.05597750518215     
   1.01093606383319     
         104           2  2.430681569735395E-002   3.57941455120985     
   1.51016966308064     
         105           2   3.17426784123105      -0.558621003015588     
  0.939012452407281     
         106           2  -3.26321610903445       -4.21919321860847     
 -0.662044360257994     
         107           2  -4.06602759315042      -0.452721646238913     
  -2.69056186931613     
         108           2  -4.20710701369907       -1.50924033577007     
 -0.549379447803650     
         109           2  -2.41290019340865        2.21234809428728     
  -1.01680142183349     
         110           2   2.37919959298182      -0.261701021460897     
  -2.13123395557098     
         111           1 -0.361238649221958        1.82138156998714     
 -0.586646208798404     
         112           1   3.66699227650218       -2.19938937049745     
 -0.589119348555644     
         113           1  -5.03183199167472       -1.95479570716282     
 -0.213103319154972     
         114           1  -2.47598163511580       -1.70702313587281     
  -3.82778814645912     
         115           1  -2.08121549723588       -3.58624316645898     
  -4.06927817058294     
         116           1 -0.464942854253867        3.21131337073645     
  -1.29225766434088     
         117           1   1.74761817902600        4.50607298303826     
   1.37627687717272     
         118           1  -2.00756662973453       -3.51028949737622     
 -0.912127974513308     
         119           1 -0.268660821128616      -1.698094155117382E-002
  -2.97720406697373     
         120           1  -2.20354493493910      -0.598584703496735     
  -1.78217233578236     
         121           1  -1.48201940409595       -2.74195159119168     
  0.310011384474437     
         122           1   1.21049427924151        2.05820601368116     
   2.20922928764539     
         123           1 -4.216520436456359E-002  -1.60871777907204     
   2.58413934354516     
         124           1  -3.17796850570137        2.38006612310708     
  -3.96805897847420     
         125           1  -1.04408850479912        1.01943365550211     
  -2.77767264219912     
         126           1  0.620229887073608       -1.47863150408128     
   3.14997909803742     
         127           1  -2.52711747444704        4.25322867512926     
  -3.79905495483280     
         128           1  -2.80100565856402        1.08438375414410     
   3.32716359774306     
         129           1   2.53866543956465      -0.512238843053881     
  -2.73161178200927     
         130           1  0.753421139798193        3.75849292681029     
  0.869104198518610     
         131           1  9.933915196634473E-002  -1.52784639514886     
   1.84517884395475     
         132           1  -2.56509794396494      -0.257850730035349     
   2.32940032012723     
         133           4   2.68804804310241      -0.498370930455761     
  -2.12780038935691     
         134           4  0.787237092932107       -1.88216953873519     
 -0.660038483137738     
         135           4 -0.327588911421388       -1.92761707147693     
 -0.820674616044605     
         136           4  0.241818921303646      -0.780267696969713     
  -1.69960746007836     
         137           4  0.253315322562019        2.17881322144751     
  0.533013549725472     
         138           4  -1.03236456453007       -1.69620829130476     
 -0.197546450738746     
         139           4  -1.16788106912669       -2.65106742948584     
 -0.687379104722643     
         140           4   1.56719605081614      -0.206816226713728     
  -2.41554870646942     
         141           4  0.737323250772284       -2.14981395420145     
  -1.14199983209059     
         142           4  0.590801963258836        3.19478865918218     
 -0.363505645150642     
         143           4   1.28416800816010        3.34661597142366     
   2.78441454527133     
         144           4  0.967037849931714      -0.507597904722886     
   1.97518324017015     
         145           4 -0.107729777770511        3.12212392886000     
   2.31810245704909     
         146           4  -1.06549851921287      -0.855911463938232     
 -0.801634471712593     
         147           4   2.56857698115475      -0.671507067213694     
  0.369784499060272     
         148           4  -1.19138629493332      -0.148546418756209     
  -1.73938434481604     
         149           4   2.03627361662440      -0.692673019567011     
  -2.00329469925796     
         150           4 -0.215743425883390      -0.377676167937607     
 -8.388416652290497E-002
         151           4  -1.09558317200931       0.501764217992304     
  -1.11533939809950     
         152           4  -4.63141418625802        3.82828997235379     
  -3.73421932723114     
         153           4 -0.342452203763523      -0.317549084559870     
 -0.758566044340881     
         154           4  -1.15449374970940        1.30763433402096     
  0.846591123373003     
         156          28  0.478000820779101      -0.685428766955395     
  0.135539708301258     
         157          20   1.04722485209292       -1.24741112291136     
 -0.591120076266582     
         158          27 -0.836734479537515       0.311488106321991     
 -0.649487119168879     
         159          28  0.265547411172175       0.665616894948458     
 -0.995195133717130     
         161          18  -1.78702438430464       0.241550057202586     
  9.092339277208368E-002
         162          16  0.845923282727028      -0.636866531178036     
  0.432106913922276     
         163          19   1.41549435591204       -1.88162961828674     
 -3.400906964118893E-002
         164          16  0.774509242597966       -3.78003074355593     
 -0.554476537018621     
         165          14  0.986506977378973       -1.22774482608648     
 -0.272265372129259     
         167          28  -4.38442154685215        3.95892133822372     
   3.98833898554796     
         168          28 -0.108571175576190      -0.959248820794453     
  0.984854503932358     
         169          15  0.345790901784239        4.98757119908677     
  -3.03954534780540     
         171          28   4.58261622818221       -2.92761973291040     
  -3.15205001356915     
         172          20  -2.92490559964912        4.41156376323562     
  0.447863515795706     
         173          19   5.28009436693046       -2.08428242981389     
   1.47737058914034     
         174          28  -5.46184469920146        1.32941670698049     
  -1.03095640374492     
         175          20   1.30710423243903       -2.41105885768602     
  -2.41968601740157     
         176          14   7.95774088392981       -2.48461674406297     
   5.15715091237047     
         177           2   2.53986162873006       -2.10405247750205     
   1.90389538441415     
         178           2  -1.34968071865586        2.07263030586987     
 -0.278494251916791     
         179           2   1.85627712667297        7.17571074106696     
   1.21281879906363     
         180           2  -4.38257852525770       0.920700747876819     
  -1.49393179753683     
         181           2   2.42098212281300        7.09381476878553     
   7.66342150147245     
         182           2  0.691728969720559        4.02497514304588     
   4.70121590214379     
         183           2   3.21439114918385       -1.78380079654992     
 -0.909234901859040     
         184           2   2.55089926434837        5.11880461751956     
   5.11164689968869     
         185           2  -1.14646955109135       -4.94892341457812     
  6.852594987125998E-002
         186           2  -2.29712057665751       -2.32603451323309     
  -2.30564393022226     
         187           2  -4.71165153980306        4.85421202054181     
   4.13539194067297     
         188           2  -1.02624783444002       -2.74374741596503     
  -5.68829892793334     
         189           2  0.963311985094077        3.77033241640410     
   1.70398189204435     
         190           2   1.75064313073808       -2.32562618299632     
   1.11773645287144     
         191           2 -0.938222725067069      -0.460584630462298     
 -0.322135462400319     
         192           2   2.23198363371235       -4.45544043467253     
  -2.57818669896061     
         193           2  0.592579576680332        6.91575844032377     
  -2.89976833460822     
         194           2   1.02833891265635        3.76785639920034     
   3.50449454065549     
         195           2 -0.347954303696508        3.17404462664101     
 -0.937031339312197     
         196           2   4.24991069908350       -3.28728138261404     
  -3.59956614560700     
         197           2   1.40207855195410       -1.30566833281386     
   1.26763294385065     
         198           2  0.945688804381985       -1.05020610328998     
   2.32290543104211     
         199           1  -3.77904568800086       -2.22868944955896     
  -1.52354488067979     
         200           1   3.50489961928313       -3.34064911602022     
  -3.01826561655107     
         201           1  -3.13572774098023        2.62075893411407     
  -2.01445112242959     
         202           1   3.44154582834900       -3.48385401929318     
   2.10427572382050     
         203           1   2.15188147625933       -3.75785156513981     
  0.255247462913975     
         204           1   1.58189511700779      -0.676477618826501     
   1.36941269436599     
         205           1 -0.736778477982808      -0.885868804692556     
 -0.494626600673222     
         206           1  -3.21609630657704        3.62455051024754     
 -0.240919579948824     
         207           1  0.245455078978728        4.67848197226187     
 -7.545113897733362E-002
         208           1   4.10476369760605      -0.703947147811757     
   1.61423416768569     
         209           1  -4.10784923479040        1.91186184022067     
 -0.377132248791691     
         210           1   3.90705019378763       -3.39075958040252     
  0.388130516881106     
         211           1 -0.971518082093761        4.96767679304147     
  -2.48537230401508     
         212           1   2.50655636955597       -3.35876717722155     
   1.02392934268160     
         213           1 -0.635701347149395       -1.23654368883797     
  0.123009130836472     
         214           1 -0.315410450024357        1.71002871329767     
   3.04796396694376     
         215           1  3.678374610978870E-002  -2.56459176874863     
   2.02600015277112     
         216           1 -3.015099676155036E-002  -2.69600169690912     
 -0.572218415367118     
         217           1  -1.39001317500057       0.367818783594334     
 -0.133702867569473     
         218           1  -1.14145084535295        2.63685276403332     
 -0.217922006307103     
         219           1  0.667395446456166      -0.583871444755532     
  0.846410191339707     
         220           1  0.883062552816725       -1.28387681830266     
 -0.180091230138207     
         221           4   1.20285529690458        3.11362958090219     
 -0.490847289635093     
         222           4 -0.639863174553837      -0.666112275150413     
 -0.758991324665683     
         223           4 -0.267207425939666      -3.058709814756433E-002
 -0.422204357964390     
         224           4 -8.296787576113920E-004   1.27509984055216     
   3.18090699082831     
         225           4   1.76006426654240       -1.32825377209360     
   2.29170442798867     
         226           4 -2.590919512399199E-002  -2.00009573327918     
   1.41667730071679     
         227           4   1.48673424277075       -1.89056554123380     
 -0.633437323205091     
         228           4  -1.04659543297269        1.20163620558834     
 -0.225264908669325     
         229           4 -0.125109162097043       0.554643031545249     
   1.97967991552575     
         230           4   1.93617808545739       -1.46787732751390     
   3.58189633148056     
         231           4   1.03485178647410       -2.58412526381221     
 -5.489962806635128E-002
         232           4   1.89092676967168       -1.12716959571654     
  9.881897249297608E-002
         233           4  -1.69964130421085       0.744310513691260     
  -2.02887783223742     
         234           4  0.123863995406317        1.26036767158381     
  -1.44096262294330     
         235           4   2.27031212691657       -1.08132413210676     
 -0.657078847706288     
         236           4  0.399821681893451       -2.85930900599214     
  0.649396314801689     
         237           4 -0.153539763671600       0.481538074886795     
 -8.093435913944143E-002
         238           4   1.64487431104622       -1.07526028818398     
  0.413148525999867     
         239           4  -1.79134245649416       0.796087199604318     
 -0.149379747566792     
         240           4 -0.627187905127318      -0.583413439789400     
  0.768355057233362     
         241           4 -0.710178118979496       -1.48888694319276     
 -0.624434754689998     
         242           4 -0.271929253241665       0.165475827620629     
 -0.264214531966034     
         244          28 -0.334496640684820       0.743864492932625     
 -0.143300179140085     
         245          20  3.996251142715796E-002   1.63926883555267     
   2.45211277001728     
         246          27 -0.766310847418053      -0.439106259364176     
 -0.124290501128216     
         247          28 -0.355513424429830        2.13023011506207     
 -4.634308504162678E-002
         249          18  0.466083087949773        1.30200975414776     
  0.521659663949190     
         250          16 -0.783026089879220        1.54087572182489     
 -0.547206508769766     
         251          19   5.28684232667126       -1.16453909444434     
  -1.23925239400748     
         252          16  0.510741700478610      -1.442689886188749E-002
 -2.596636721100692E-002
         253          14   1.95870083905284        7.65368144447134     
   5.66386431181246     
         255          28   2.13004383134170        4.07330243436664     
   1.89091952242264     
         256          28  -2.07558822255827        4.09483303665207     
   3.03114075965118     
         257          15  -1.56929518144241       -5.59035655850592     
  -1.50873161475917     
         259          28   1.78826816650450        3.65305156419142     
   1.56124484188010     
         260          20  -2.56104149198778       0.200649099950039     
   2.62380211892954     
         261          19  -4.44679379085865        2.61031533571483     
   3.12983153968624     
         262          28   3.87031662326534       -1.58837824400219     
   1.21559528536424     
         263          20   1.36317094864310        7.55995584782602     
  -2.61194599367578     
         264          14   5.44157363342905       -2.19630235591214     
  0.249823514135230     
         265           2 -0.204825846113680       -2.88718922324295     
   3.03621115331687     
         266           2  -1.05823295033248       -4.80153467066633     
  -5.02365328241469     
         267           2   4.38593669338772      -0.711014004458404     
   1.51877819427372     
         268           2  -3.83290775927927        4.78072418451114     
  -4.57404718284053     
         269           2  -3.18478575760100      -0.854784367796300     
 -0.552567977046112     
         270           2  -1.76607732441285        5.63960959582453     
  -2.96950173835310     
         271           2  -2.82284657751277       -1.65259005236922     
  0.397371434317329     
         272           2  -4.14529210831414      -0.444818939742164     
 -1.691999458646954E-002
         273           2   3.02914491757891       -6.46627251155134     
   3.54126875475591     
         274           2   5.83176499264204       -2.88827949222789     
 -0.198338719762848     
         275           2 -0.511752649028518       0.399031998816920     
   5.16862903133289     
         276           2   1.62108288098005        3.77525208447595     
   5.28461311725575     
         277           2  0.194272955362234        4.97579735046744     
   3.63120667933282     
         278           2  -2.19868492944141       -1.70121335937407     
  -1.85632014186089     
         279           2   1.41759240569097      -0.959184316946521     
   2.27732669140448     
         280           2   1.60992653055923       -4.97549538430881     
  -1.80432787453850     
         281           2   4.34368010388644       -2.93335155279547     
  -1.57744229787414     
         282           2  -4.27079296144426        1.92649171517662     
  -2.91757471120462     
         283           2   1.66792114126468        3.97904941647750     
  -1.79506242972657     
         284           2   2.99231833139538       -4.70451872287760     
   3.16876347727733     
         285           2   1.13761946146349        1.98365122961591     
   4.69292128709138     
         286           2  -1.71221240610042        3.40445064829166     
 -3.902146485538052E-002
         287           1   3.17160778425231      -0.449377677874606     
 -0.704709766230685     
         288           1  -4.53370485254789        2.73566704699843     
   1.95354907143073     
         289           1   2.92957019154222       -2.75922273989155     
   4.25534683018967     
         290           1  3.210489545933940E-002   1.30459605513196     
   1.66801230661839     
         291           1  -2.33210781129155      -0.940624809444482     
  -1.81474016298632     
         292           1   2.62260545903017       -3.58900497612661     
   5.09976215283564     
         293           1  -2.22254236282699        2.59519407558394     
  -1.91715114789146     
         294           1   2.26582764090702       -2.67873562338200     
   2.93807407505199     
         295           1   2.39791023897393       -1.49016857498574     
  0.569301201834128     
         296           1  -2.31076489936076       0.486608375864168     
  -2.32838562379875     
         297           1 -0.422468558529514        1.14780202052520     
   2.77077457545274     
         298           1  -2.62972661100744       -1.33695204040115     
   1.23994117307045     
         299           1  0.928927924538101        3.33050048673127     
  0.999299918324285     
         300           1  0.271572082907307       -1.27032817433299     
 -2.488342091902961E-002
         301           1  -2.21796055782328       -1.56762490385253     
   1.01335511780056     
         302           1   2.20628736616197       -1.51110150687399     
  0.758890631487510     
         303           1  -1.04626251658269       0.660924314324880     
  -1.20504247866666     
         304           1  -1.44909104951788       0.344918022621006     
 -0.976249922583059     
         305           1 -0.141991509331754       0.797691119955346     
  -2.99360759340289     
         306           1  -1.82730888419755        1.15074199637415     
 -0.449885354452143     
         307           1 -2.551751099371068E-002   2.98673489826751     
  -1.80378762537647     
         308           1  0.113982128439588        1.32745604290158     
 -0.509401826601001     
         309           4  -1.69792732520899        1.74244296445224     
  -1.37089970185140     
         310           4  -2.16401594973753      -0.661058835986899     
  -1.64702924749836     
         311           4   1.40255431245004       -1.06076605424399     
  -1.73765817035052     
         312           4 -0.743939554836017       -1.41105034341517     
  -1.49922888738858     
         313           4 -0.531853079095844       6.251936352446885E-002
   1.05753767514219     
         314           4  -2.74552245833496       0.172445374546817     
   1.11957743067976     
         315           4 -0.535362904988716        1.00249748041368     
 -0.445723699005241     
         316           4  -1.72466961807996      -0.936951544180611     
  0.739345902112583     
         317           4  0.102142548272897       -1.64754696199933     
 -0.324013143867183     
         318           4  -2.10546106212577       0.208797053904793     
  0.588930367649136     
         319           4  2.845407076064934E-002   1.35011132188776     
 -0.293887850607860     
         320           4 -0.585892823032418       -1.13186205055161     
   1.99181509409252     
         321           4 -0.210159053120523       0.864393413126565     
 -0.267583635807641     
         322           4 -0.607386219697440        1.19744576326872     
 -0.345674451755068     
         323           4  0.176481133057360        2.43920163397116     
 -0.486722405880567     
         324           4 -5.063006191332668E-002  0.335223484146752     
 -0.352155872027711     
         325           4  0.212585048611394       0.764076854283706     
  0.245582804033275     
         326           4   1.15956339863611      -0.297320288004851     
 -0.983432732492220     
         327           4  0.210099820131586       -1.13299842731887     
  0.435860741843458     
         328           4  0.910230936054038        1.94741228900486     
  0.436598391719229     
         329           4  5.584499519522670E-002  -2.00248834045133     
 -0.645364371885020     
         330           4  0.225616931109188       -1.08816110234425     
  0.435949003588841     
         332          28   4.03137480701711       -1.57712360690665     
  -2.83674999679891     
         333          20 -0.483804660868773        1.11328131340072     
 -0.707811261957589     
         334          27  0.549322968194352        1.57682426569461     
  0.710853827548531     
         335          28 -0.342230145460824        1.27258805667397     
  -2.36855697883780     
         337          18   1.76285882578365        6.86243580752905     
  -2.61481820787815     
         338          16  -5.36420056122261      -0.822305795996378     
   1.81351340462655     
         339          19  -2.70133898805410        5.36108978090746     
  0.381764566259170     
         340          16  0.321341200702755       -1.97050534565043     
  -3.24234645589774     
         341          14   4.12509075694299       -6.45544445850647     
  -3.53614781867406     
         343          28 -0.729495555241813        3.11111629500782     
  0.781410331340033     
         344          28 -0.481066038144221        4.43335385029492     
   2.21604579284590     
         345          15  0.504394242163831        5.46615425804039     
   5.51225328857000     
         347          28  -5.56826971756478      -0.188440480858317     
  -1.63788430534985     
         348          20 -0.634888092602594      -1.353896683140205E-003
   4.12652897606470     
         349          19   3.26410324579136       -4.55028002392531     
  0.288082129004753     
         350          28 -0.269006867802654        6.67728501442533     
  -3.04006869669079     
         351          20   4.19880122384564       -1.86320039702830     
   7.00585906142727     
         352          14   2.26353553774505       -2.91841025772303     
  -1.26412730043952     
         353           2   2.53778777355883       -1.19387911505326     
  -4.41364329891114     
         354           2   1.86893966874062       -5.31931442832044     
   5.84627819621105     
         355           2  -5.60246407918243        1.45834107906139     
   2.81704323205916     
         356           2  0.628391865153882        3.39116590629904     
  -2.19225115630129     
         357           2  -1.76405296606554        1.81407050983252     
  -4.36942788632084     
         358           2  -4.80106957213367       0.624511149969322     
   3.87386311911697     
         359           2  -2.98101403411587      -0.122294060872557     
 -0.908997260160826     
         360           2  -4.22263022278948       -2.41832055441081     
   1.36246591568797     
         361           2   1.87329779103299       -4.09658406213684     
 -0.748744255555204     
         362           2   4.73051124498887       -1.35598803496137     
  -2.73667927971144     
         363           2  0.367963993305977        3.05363283036567     
   2.34869967637833     
         364           2   1.20356282965602        4.18785107365689     
  -2.51319805536459     
         365           2   1.67023327731711      -0.862022302636068     
 -0.228508766834846     
         366           2  -3.63906571612279        1.25855727179131     
   4.49372173669571     
         367           2   1.56377308117221        2.08334551921255     
  -2.23440948542813     
         368           2   6.06857880417388       -3.84964601213808     
   1.11406325748225     
         369           2 -0.569411015877574        2.03034207476816     
  0.759434543813852     
         370           2  -2.87178335224449        4.42063966431275     
  0.756305649715228     
         371           2   2.31659543693803       -2.59070767865808     
  -3.80063823440837     
         372           2  -2.11051024113670        3.02056226466306     
   2.87067178492485     
         373           2   2.46767161252642       -2.09706048427450     
  -2.58652062935021     
         374           2  -3.39235215186319       -2.96104767767360     
  -2.24910017398440     
         375           1   4.62351753593210      -0.992782738213688     
  0.613097258116728     
         376           1  -2.10799530374238       -2.44191070564530     
  -3.49069571315646     
         377           1 -0.936768761095659        1.44978267231846     
   2.83872425661815     
         378           1  0.404341583029771       -1.68475204006980     
 -0.210173446528531     
         379           1   3.43807268142947       -2.35880447919278     
  -3.82510792089661     
         380           1  0.191502737193892       -1.31002587964732     
  -5.60640694580030     
         381           1  0.119629862273630       -1.28591706647048     
 -0.299905998957958     
         382           1  -1.97970434859794       0.803614497702189     
  2.312457921042655E-002
         383           1  -1.41510673463170       -1.29941662369291     
  0.197025926091514     
         384           1  4.808594713765236E-002   1.56756853765676     
  0.731433908589933     
         385           1 -0.409496940413826       -1.25927965811220     
  -1.02965434693264     
         386           1  0.991666792732125       -1.73435808045713     
  -1.05424389604351     
         387           1   2.46495719063414       -2.27138994134846     
   1.36044530685248     
         388           1  0.442430759046925        2.36917138507024     
   1.23867449920031     
         389           1 -0.761304986196034        1.07830113971998     
  -2.41633483874350     
         390           1   1.02885708071349       -1.59068891432746     
  -2.47333379110325     
         391           1 -0.290769567166399        3.08542682554504     
  0.493402455762601     
         392           1  0.930122839104016       -1.17274323809694     
  -1.46606280446411     
         393           1   1.13313200997708       -1.22351878974419     
   1.57995004380314     
         394           1  0.255869512088053        2.22427028510939     
 -0.440587146235431     
         395           1   1.54851659958234      -0.116471572355050     
  -1.48162220652829     
         396           1  -1.44971936645771       0.616203681287460     
  0.700609729800113     
         397           4  0.815469557293293        1.81742582242727     
 -0.740115502213422     
         398           4 -2.996275387579425E-002   2.30934672547920     
 -0.855427328137372     
         399           4 -0.351136937179521      -0.675201650022771     
   1.64248091781408     
         400           4  -1.90079087278950        1.67929499388841     
 -8.175692809553343E-002
         401           4 -0.894692964255642      -6.828250649171056E-003
  -1.99819224580284     
         402           4   1.64635591914781       -3.11625235808105     
  -1.28406866784631     
         403           4 -7.032709478788730E-002  0.953467999102177     
  0.360102909633854     
         404           4   1.66040658121481       -1.36153465104577     
   2.95652240023447     
         405           4 -0.194706183592167       0.666558922468153     
  7.359919637415922E-002
         406           4 -0.107763804352099       -1.04827755508153     
 -0.424659382545499     
         407           4 -0.125219249080326        1.21081397748430     
 -0.890420769691485     
         408           4 -0.802576897194450      -0.293170230233628     
 -0.648913886235312     
         409           4  0.197778636570792        1.54960165436898     
 -0.852292691244628     
         410           4 -0.826795307232172       0.434981473486953     
 -0.468219959246917     
         411           4 -0.821846702396349       0.890409378464468     
  0.398840980287237     
         412           4 -0.160325359615002       -1.26115023125775     
  -1.28948024132876     
         413           4  0.422180311546161       0.763189525384419     
  0.859150100711862     
         414           4 -0.384731563621273      -0.389056304050800     
  0.235087055795497     
         415           4 -0.261110783749138       0.851811671641979     
  0.519102051589798     
         416           4   5.76764463360699       -2.71143179875333     
  -1.01380966092658     
         417           4  -1.10896182942130      -0.259303669409715     
  0.402284946643420     
         418           4  -1.26291004577897      -0.926934248636466     
  -1.00908404894070     
         420          28  0.165715062854752       0.450118608876670     
  6.404064292502901E-002
         421          20   2.81329707006283       -4.32403119724592     
  -1.67890800901937     
         422          27  -2.09018940109800        3.41025592498006     
 -0.284480141464692     
         423          28  -1.79962494408866      -2.623701079235664E-002
  -4.34268528311071     
         425          18 -0.110030472513283       -5.96473117951728     
  -4.47781513517192     
         426          16   2.85100169522591      -0.635543166267545     
  0.649913020326451     
         427          19   1.70953357365335       -1.46583543630725     
 -0.142767068496736     
         428          16 -0.673925739443124        2.72639122037184     
   3.16173640022508     
         429          14 -0.675560958413870        2.00343277040305     
  -4.01357608541696     
         431          28  -2.38761056863917       -4.32333750508503     
  -1.40300363299671     
         432          28  -1.27934315587500        1.05356262245481     
 -0.547887864819556     
         433          15  3.059661821066879E-002 -0.327818226320048     
  -4.03910893255043     
         435          28   1.77887809089567        3.40586336699203     
   4.40814614087589     
         436          20   7.97686623412872       -2.24773045194861     
  0.417519809817945     
         437          19  -1.96526580320417        2.25250821048368     
  0.138234615341398     
         438          28  -1.48454942571589        3.22040917172172     
  -4.39324580417852     
         439          20  -3.87813378924099        1.64881190153548     
   5.61856487321134     
         440          14  -1.77224929260379        1.52865246825120     
   1.52359204524612     
         441           2  -4.59226333346459       0.920924314790683     
   1.19209212880754     
         442           2   1.52780418338059       -1.92981239480128     
 -0.412213792053552     
         443           2  -3.15747546646920        1.53877512523553     
  -1.82249256244616     
         444           2 -0.666058312995743        3.15287328504296     
  -5.70246719225573     
         445           2   1.95709732012690       -3.50684956676640     
 -0.264966926867939     
         446           2  -1.65069135749731       0.206463493511718     
   3.25245933915071     
         447           2  0.891872808990075       -1.90133552378016     
  -1.93100416108651     
         448           2  -1.90236536374165        3.24481422358725     
   1.73145586506224     
         449           2   4.50684136276455       -1.31949376415687     
  -3.22179977058343     
         450           2   1.20908613726418        1.68337371331448     
   2.45796117073162     
         451           2   3.16341457479982       -3.78288101867272     
 -0.227371793123646     
         452           2 -0.401923003526174      -0.239541264277436     
   4.37666587100506     
         453           2  -3.38890277844660       0.336523725531142     
   3.60264118314414     
         454           2  0.857658710132931       -3.93108355465005     
 -7.617103853762033E-002
         455           2  0.509485627296347       -1.52423250938109     
  -1.30903328252369     
         456           2  -1.29385852065805       -2.36012933686224     
   1.87520341975427     
         457           2  -1.75778179298466       0.976692142324582     
   1.27614282871532     
         458           2  -2.91722172864662       -2.90523306337308     
  -2.57490161374645     
         459           2   2.27328054886360      -0.826918372057219     
  -1.42554207294614     
         460           2  -2.77587354761736       0.980790874434700     
  -1.44900865201917     
         461           2   6.25748380893356       -1.70573590185222     
 -0.687483960240322     
         462           2  -1.36383347198134        3.27983067822349     
  -1.67304564709740     
         463           1  -1.34044929273827       -2.96729479570155     
   1.87006011312187     
         464           1  -1.49303641633307        1.70836291674649     
   1.86250443457566     
         465           1  -1.13955686631715       -1.82666388146646     
  -1.55175900870295     
         466           1  0.193610695536442       -1.55142025501664     
  0.165695623923958     
         467           1   2.32209366795351      -0.989569274464190     
  0.466124385023996     
         468           1   1.11316648984989       -1.54922861795143     
   2.71230193159075     
         469           1 -0.265891460439648      -0.603530521585655     
 -2.907662919723406E-002
         470           1 -0.541245642588624       -3.14509266159549     
  -1.17419646059885     
         471           1   1.33612420459837      -0.389476144475135     
  -2.39226839784446     
         472           1 -0.277006155922675        1.07599507803933     
  0.989369021993919     
         473           1  0.919666690999065       -1.69045766379305     
 -0.535583566602239     
         474           1 -0.982402626435050      -3.014761547990401E-002
 -0.170866437810275     
         475           1   1.02466086467507       -1.16436645780964     
   3.04404761793798     
         476           1   2.42246235376951      -0.738939512453381     
  -2.34851000716125     
         477           1  0.941348083149843      -0.754597326119454     
 -0.897577159238446     
         478           1  2.686184364114154E-003   2.16273796817250     
  9.846998021972696E-002
         479           1 -0.391022742193079        1.40041260165727     
  0.617021797759656     
         480           1  -1.45384614690599        1.96508803891603     
 -0.758602817839857     
         481           1  0.362708668848169      -0.492231912309232     
   1.87869179752550     
         482           1   1.75035259867602       -1.41535466673386     
   1.09912596682693     
         483           1  0.133250016854012        3.75147779367600     
  -2.35889577787811     
         484           1  0.977870200652125       -2.14111973275597     
 -0.412219174381631     
         485           4  -2.01051474652688        1.28892176526198     
  0.658475178247663     
         486           4 -0.720009077686807      -0.786030323100905     
 -0.313502360390959     
         487           4  6.487830125716939E-003  0.863597763018268     
 -0.602109316572430     
         488           4  -1.46642131785906        1.32474333697270     
   2.29743537411266     
         489           4  0.204755779699632       0.349338452032232     
  3.295806378700020E-002
         490           4   2.05244774705584      -0.795854493844171     
 -0.901329123553715     
         491           4 -0.136164357917048      -0.472232621225635     
 -0.540932635813442     
         492           4 -0.845534067708499       0.168895170411173     
 -0.402670999708577     
         493           4 -0.633101334828838      -0.891558016485676     
  0.200479237711503     
         494           4  0.173897298948875      -0.857984538529183     
  0.452178179933140     
         495           4 -0.151560517922258        1.00644884018472     
  0.361270951451181     
         496           4  -1.74357330742493      -0.435029367471919     
 -3.049327945875985E-002
         497           4  0.139716059088140      -0.575322371484904     
  -1.28313466927685     
         498           4  0.417233659144827      -0.595577082130954     
 -0.675913449781500     
         499           4  -1.54646969457747      -0.149978863922817     
  0.699752366925949     
         500           4   2.64316566157197       -1.18326607959701     
  0.352286222697012     
         501           4  -1.31063002973470       0.601762005740417     
 -0.765511846687041     
         502           4  -1.03272576591463       -1.30734499811743     
  0.588486018660251     
         503           4   2.11785394453321      -0.957255416820335     
  -2.41358118733485     
         504           4  7.206267149628154E-002  0.585024011493945     
  1.760518417512421E-004
         505           4  -5.29704683936656        4.39186858168566     
  0.486222090757806     
         506           4  -4.03791974556166       -4.41627298582726     
   6.86124814221087     
         508          28   1.02556397314134        5.09590061417044     
  -2.80043506072857     
         509          20  -4.59942885793102       -3.62099337594106     
  -1.33836356010950     
         510          27  -4.74236013893607        2.06809643110387     
  -2.51325600948349     
         511          28  -5.59544964978956       -3.04914534308268     
  -2.11183480156343     
         513          18   2.83451964588871      -0.605097032087149     
  0.218692369820988     
         514          16  -1.30292260439155      -0.289168634175582     
   3.43590159563822     
         515          19   1.18648209657159      -0.928869259608523     
 -6.810611466608649E-002
         516          16  -6.16419998634726        1.64509272866625     
   3.82074744063175     
         517          14   1.36964998507377        4.69872285337530     
   3.04977837151517     
         519          28  0.186322737573216        4.46341474386649     
 -0.599159121609046     
         520          28  0.340566144928670        4.15775077188809     
  -2.64184605918508     
         521          15  0.686747593271443       -2.83169165086579     
 -0.167858600400961     
         523          28  -2.05242213653286       -4.76912469053774     
  -1.73005970362520     
         524          20  -2.82390906181370        3.80027846277827     
   1.13063772635769     
         525          19  -1.14088932168903       -2.98216965997571     
  -4.19559415242902     
         526          28   1.36296285640995        2.82349134060425     
  -5.43403382866206     
         527          20  -1.02921020684159       -2.53535141027064     
  -4.34745732035447     
         528          14   3.84789988795305       -5.11240939653307     
  -1.13626765373588     
         529           2   2.84454786292372       -3.47800155188017     
   2.23886570156026     
         530           2  -2.67108781672223        2.89273073157714     
  -2.05907693774977     
         531           2  0.345094143686770       -1.15383610371785     
   1.90735295335685     
         532           2  0.976509654096532        5.89935864131809     
   3.47717682127914     
         533           2  0.765650517004485        2.51929158010067     
  -1.79767799674938     
         534           2  -1.80596041698851       -5.57058212547511     
  0.393766755446475     
         535           2 -0.973692714712401      -0.891751638361208     
  -2.38234740983108     
         536           2   3.92686364058744       -1.52102775501560     
   4.46684326796027     
         537           2  -3.97196409739098       -1.22353494833977     
   3.04660813869298     
         538           2 -0.530328407481633       -1.55536934360641     
 -0.254472292717019     
         539           2  -2.40079699015496        4.13327352232326     
   3.68133759107042     
         540           2  -2.89035228313187        4.09363322073203     
 -0.948749973673174     
         541           2   1.06213412600043       -1.02933426211659     
   1.36966243692651     
         542           2 -0.544364497624839       -1.04333280345789     
 -0.482461145560554     
         543           2 -6.197067668175679E-002 -0.580317562993656     
   1.24608261478517     
         544           2   4.87286176748603       -4.52697529005177     
  -3.48508023818711     
         545           2  -1.59645871694794       -2.96982390256131     
  -2.41498356649477     
         546           2   3.06569773173703       -4.03721867551809     
  0.776140141044632     
         547           2  3.061490589884180E-002   2.29777298240373     
  -2.22252508223187     
         548           2   1.80821256758335       -1.54394956798251     
   1.19369520532366     
         549           2  -1.59356416501368      -0.483610339379374     
 -0.330740522729788     
         550           2   3.21459676065113       -1.09782232218664     
   1.50513878497539     
         551           1   2.30525830151570      -0.362581381894169     
 -7.053346319770658E-002
         552           1 -0.775011141713984      -0.495273515899651     
  0.360813249026110     
         553           1   1.36375159645443        2.88909621345917     
   1.47122180288279     
         554           1 -0.950796516224526       -1.46051912805662     
   1.17238739723103     
         555           1  0.548575065122220        2.08302376971607     
   1.79028480582374     
         556           1  0.211369453913456       -2.47659252837050     
  0.383834746165170     
         557           1  0.979809204369546        1.99047364313979     
  0.526240928086024     
         558           1  -1.02036670605160      -0.498331418128278     
  0.293734118591765     
         559           1  0.267122433435337      -0.995156013659282     
 -0.453240143455473     
         560           1 -0.701665108531177       0.621097852758911     
  0.933245282019760     
         561           1  -1.70739082433351      -0.530844690141031     
 -0.150257352498505     
         562           1  0.914521095084588        1.55031677131162     
   2.48694112390545     
         563           1 -1.483240186255534E-002  -1.13734197914777     
  -1.43794093977576     
         564           1  -1.65007457065102      -0.121088516353898     
  0.458764508160949     
         565           1 -0.405761978081757       0.721182717483852     
 -0.640405737646597     
         566           1  0.811810978780058       -1.32928114957546     
  0.456793722209564     
         567           1  -1.10177384146786        2.99448203521464     
   2.57482894457571     
         568           1 -0.902656349770812        1.03152572862347     
   1.37676929491023     
         569           1   2.15167324704813       -1.91077840302595     
   1.68588795476118     
         570           1   1.07749115315263       -1.24758890157502     
  -1.40795679399108     
         571           1  0.939710888493456      -0.493452543140983     
 -0.417152594544015     
         572           1  -2.84815901734425      -6.741370412044619E-002
  -1.71300847363827     
         573           4 -0.180494909935289      -0.371434257623414     
  0.256898997313511     
         574           4 -0.500621115658886        1.44825295753749     
 -0.788223812186189     
         575           4 -0.802504753808840      -0.669140391752433     
 -0.793873289165676     
         576           4 -5.844711614498985E-002   1.34193150291068     
  0.621813340740787     
         577           4 -6.556684464843610E-002 -0.897096922931671     
  -1.23852722561958     
         578           4   1.03094478238121      -0.704752791243895     
 -0.578620923142988     
         579           4 -3.194640773727193E-002  0.301040041709411     
 -0.473713255831426     
         580           4 -2.895820096340966E-002  -1.23317783634729     
 -0.669068910402949     
         581           4 -0.163146199332072        2.24772687376793     
  0.994746932112325     
         582           4  0.569230921858044      -0.340250890085501     
 -0.149762284940865     
         583           4  0.245786355312642        2.25637711103398     
 -0.380321612106715     
         584           4  0.865631208188812        3.83902867064659     
  -3.62653038639964     
         585           4   2.05376258167961      -0.527083401119631     
 -0.725640201559817     
         586           4  0.548715618506021        1.09202947684948     
   1.91417355206736     
         587           4   2.45145823822350       -2.30651327317339     
   1.43041083679093     
         588           4  0.593409804449590      -0.771588071984453     
  0.682000772064626     
         589           4   1.45726169577995        6.07315400058400     
   3.12794281089420     
         590           4 -0.659524207572079        5.78079654796702     
  -2.56448140331713     
         591           4  -4.05234162534324        4.23376950407722     
 -0.920386866404892     
         592           4   4.28165316807813       -2.85313050034401     
   1.25449691016977     
         593           4  -3.06724358063228       -5.02012034386838     
  -3.59891383968263     
         594           4   5.18441090424711       -2.17758900046337     
  -3.41526794527679     
         596          28   1.28147993664713       -2.37333283937496     
  -2.67868447862471     
         597          20   4.30329791907748       -1.35976677185217     
   2.34709222730686     
         598          27   8.22099598932521       -2.10944411701713     
   2.89007825298779     
         599          28  -4.23509673386651        1.66627710472854     
   2.50298757535667     
         601          18 -0.334505651810066       -1.70162263831195     
   1.68855806227985     
         602          16   1.92205530264253      -0.793175246946269     
   1.25207221329693     
         603          19 -0.124904561140370        5.85320961342230     
  -2.04416372454945     
         604          16  -2.65157089763933      -0.964896798694180     
 -0.324180112180492     
         605          14   3.61370828226988       -3.01956560110496     
  -2.18098388293120     
         607          28   1.17859694135013        3.49042943556729     
  0.947619473680177     
         608          28  -2.70961214972903      -0.161861974409659     
   3.14774490481022     
         609          15   5.71644827391835       -1.74085866076643     
 -0.889533431793715     
         611          28 -0.421060532649707        5.50214829469145     
   2.29636997878473     
         612          20  -1.17064403658561        1.31296486144407     
  0.443758244168587     
         613          19  -1.82003936706479        3.51671762254736     
 -0.682905394178092     
         614          28   3.27100427889986       -5.00336926478075     
  -1.34214318213592     
         615          20  -4.05249017397495       0.929194413524132     
   1.63136561806580     
         616          14   1.57573272344800        2.18449416362267     
 -0.928840808559884     
         617           2 -1.888981414500930E-002   1.08985867205347     
   2.39232886874706     
         618           2  0.257587903395386       -1.34399239061204     
  -2.29763831506675     
         619           2   1.54301201452688        2.81056310668179     
  0.462346873149901     
         620           2   2.10577412297120       -5.57989411687223     
  -1.86753355654067     
         621           2  0.225639497725173       -2.99932023575541     
   2.20792289493495     
         622           2  -2.45651701799295      -0.754174226569148     
  -4.11588023975451     
         623           2   3.18942546904550       -3.35357355985210     
  -5.29729282496877     
         624           2 -0.746243467681345        2.44631330567416     
  -3.90887597455080     
         625           2   1.04603843755137      -0.962418099908460     
  -2.36974946179731     
         626           2  -2.53668007178281      -0.588201795236385     
  0.168484254381470     
         627           2   5.50393639491533       -1.36336726204632     
   2.37251007338436     
         628           2   2.65617889343022       -4.79799610752823     
   3.41181360724867     
         629           2  0.756121953382863        4.04260161505830     
  -3.95870599984731     
         630           2   4.90162384091261       -2.17838764164108     
   2.00012855071381     
         631           2  -1.14503701103327        6.10050190288783     
  -2.99072679980472     
         632           2   1.99801164718001       -5.23127992853433     
  -3.32553877315601     
         633           2   1.01800097502416        2.14400024430004     
  0.143712856565608     
         634           2   2.01766282809059       -1.25964939427532     
  -3.01566526045731     
         635           2 -0.930075438780664       0.903621077310632     
 -0.581156039093122     
         636           2  -1.42262623217076       0.118991443641454     
  -2.11748424551428     
         637           2  0.778359773965997       -1.27728592571501     
  2.988814208903128E-002
         638           2  -2.21052151594540       -1.20378739802495     
  0.283529121064120     
         639           1  0.356466218615577       -2.57336830846136     
   1.04041265800318     
         640           1   2.42124936222865       -2.78629654241598     
 -0.210105666940896     
         641           1  -1.80201263530320      -0.147211530781803     
  0.887848927914656     
         642           1  0.402557260982284       -1.02711885157182     
  -2.45295676338186     
         643           1   3.67510152928919      -0.861355874354454     
 -1.263422358000013E-002
         644           1 -0.189398195319238        1.87306218972907     
  0.248814985131654     
         645           1   1.25402496327535      -0.104203185164333     
  0.827830437824598     
         646           1  -1.66204319623274      -0.187710994111091     
   1.65252686754635     
         647           1   1.06610703447459       -2.84634993011857     
  -1.62269826877700     
         648           1  0.308712845557410       0.868793112899528     
  4.912487939351230E-002
         649           1   3.48000632808553       -1.24496706495260     
 -0.273674071379965     
         650           1  0.191099212018932        2.22847749245857     
   3.35834706501137     
         651           1  5.850734404282271E-002  0.637221908494574     
  0.505884171776636     
         652           1 -0.559896193570504        1.93064504813723     
   2.90814887310054     
         653           1  0.527277742734792       -1.31709693752100     
   3.26497714364327     
         654           1   1.47534114922792      -0.839121644763955     
 -0.580275951657403     
         655           1  -1.79416960934699       0.462421964030697     
   1.52598007372101     
         656           1 -0.582616024377503       -2.31448248680371     
  -3.87632105716806     
         657           1 -0.119121968550866       0.526014320160316     
  0.307947943251829     
         658           1  0.363536190805819        1.34105170663831     
  -1.48219699200708     
         659           1 -0.949315820086538       0.231047197771923     
   1.58680769833121     
         660           1  0.126109252513587       0.322152589685660     
 -0.561421672651218     
         661           4  -1.25768923594271      -0.169609075724701     
 -0.390443727818082     
         662           4 -0.645839031984868      -0.592181870724482     
  0.629300184783321     
         663           4  0.190279557504945      -0.352574301027008     
  0.618767622111651     
         664           4 -2.349798008833614E-002   2.21073221953916     
  -1.06120936088722     
         665           4  0.798671570379494       -1.96504312531595     
   1.14364020798361     
         666           4 -0.607293233019167       4.748790158860434E-002
 -0.116535571650111     
         667           4 -0.203592959790888       1.381122412691567E-002
  0.588698261629244     
         668           4   1.32077807302960       -3.14094888566845     
  -4.08229502848713     
         669           4  0.376788667625712      -0.372593689686526     
 -7.474255786781570E-002
         670           4 -8.019610490539555E-002   1.69066850896063     
  -1.26733880580525     
         671           4   1.69413681742845       -3.37191846582404     
  0.522177824997534     
         672           4  6.653183952628984E-002 -0.411238320763839     
 -9.540820591700484E-003
         673           4  -6.73165212554935        1.34990199693237     
   4.06400000000000     
         674           4  0.975016541703583       -1.22517262599777     
   2.60000000000000     
         675           4 -0.628636604262036       -1.26458143248644     
   2.60100000000000     
         676           4   5.34294049328738        1.82514729288034     
   4.01300000000000     
         677           4  -1.90713917330980       0.421576532840468     
   4.90400000000000     
         678           4  -2.53038560589081       -4.60207695658124     
   5.70300000000000     
         679           4  0.476288677303520       -3.49243691212918     
   4.82700000000000     
         680           4   3.68852341697428        4.61460707570438     
   4.65100000000000     
         681           4   3.19530820832819       -3.47830649700705     
   5.53500000000000     
         682           4  0.823035529696564       -1.22865376958214     
   4.97800000000000     
         684          28  -2.59146021519313      -0.332999952330142     
   3.60700000000000     
         685          20   1.60293756918187       -1.50391620914201     
   3.56500000000000     
         686          27  0.853994938571541      -0.681268132867810     
   4.68000000000000     
         687          28  -4.35579932523446        1.67756131622830     
   4.79100000000000     
         689          18  -1.31515564358123      -0.840184682476325     
   3.75100000000000     
         690          16   4.07966428367273       -1.42639723849403     
   3.43500000000000     
         691          19 -0.574360881218664       -2.17860441551156     
   4.55800000000000     
         692          16   2.11208841761480        1.75003465939858     
   4.86000000000000     
         693          14  -1.16496081284418        1.82608930078572     
   5.13400000000000     
         695          28  -4.45178608210488       -4.00915855046763     
   3.99600000000000     
         696          28   2.63484138792290      -0.370177088030492     
   5.06200000000000     
         697          15   2.28565537580249        4.63110545407889     
   5.00000000000000     
         699          28 -0.609230576160170      -0.619165104565511     
   4.17500000000000     
         700          20   2.56754449319941      -3.441173497002323E-002
   3.99700000000000     
         701          19  -2.32693196625228       -3.79321053053968     
   5.07400000000000     
         702          28   6.63528523217025       -1.31922763417921     
   4.99600000000000     
         703          20  -2.54526793250339       -5.29404293564142     
   4.76600000000000     
         704          14   1.02039266030985      -0.888477629195942     
   3.88600000000000     
